{"C:\\Users\\hp\\Senegal-Connect\\src\\server.js": {"path":"C:\\Users\\hp\\Senegal-Connect\\src\\server.js","statementMap":{"0":{"start":{"line":1,"column":0},"end":{"line":1,"column":27}},"1":{"start":{"line":2,"column":16},"end":{"line":2,"column":34}},"2":{"start":{"line":3,"column":13},"end":{"line":3,"column":28}},"3":{"start":{"line":4,"column":13},"end":{"line":4,"column":28}},"4":{"start":{"line":5,"column":15},"end":{"line":5,"column":32}},"5":{"start":{"line":6,"column":19},"end":{"line":6,"column":39}},"6":{"start":{"line":7,"column":30},"end":{"line":7,"column":45}},"7":{"start":{"line":9,"column":15},"end":{"line":9,"column":41}},"8":{"start":{"line":10,"column":49},"end":{"line":10,"column":80}},"9":{"start":{"line":11,"column":24},"end":{"line":11,"column":51}},"10":{"start":{"line":12,"column":18},"end":{"line":12,"column":47}},"11":{"start":{"line":14,"column":12},"end":{"line":14,"column":21}},"12":{"start":{"line":15,"column":15},"end":{"line":15,"column":37}},"13":{"start":{"line":17,"column":18},"end":{"line":17,"column":55}},"14":{"start":{"line":19,"column":16},"end":{"line":19,"column":25}},"15":{"start":{"line":20,"column":23},"end":{"line":20,"column":49}},"16":{"start":{"line":22,"column":0},"end":{"line":30,"column":1}},"17":{"start":{"line":23,"column":21},"end":{"line":27,"column":4}},"18":{"start":{"line":29,"column":2},"end":{"line":29,"column":37}},"19":{"start":{"line":35,"column":23},"end":{"line":37,"column":29}},"20":{"start":{"line":39,"column":11},"end":{"line":48,"column":2}},"21":{"start":{"line":51,"column":0},"end":{"line":51,"column":18}},"22":{"start":{"line":53,"column":0},"end":{"line":56,"column":4}},"23":{"start":{"line":57,"column":0},"end":{"line":57,"column":24}},"24":{"start":{"line":59,"column":0},"end":{"line":72,"column":3}},"25":{"start":{"line":68,"column":2},"end":{"line":70,"column":3}},"26":{"start":{"line":69,"column":4},"end":{"line":69,"column":68}},"27":{"start":{"line":71,"column":2},"end":{"line":71,"column":9}},"28":{"start":{"line":74,"column":0},"end":{"line":74,"column":55}},"29":{"start":{"line":75,"column":0},"end":{"line":75,"column":34}},"30":{"start":{"line":76,"column":0},"end":{"line":76,"column":47}},"31":{"start":{"line":79,"column":0},"end":{"line":79,"column":68}},"32":{"start":{"line":80,"column":0},"end":{"line":80,"column":63}},"33":{"start":{"line":80,"column":40},"end":{"line":80,"column":61}},"34":{"start":{"line":82,"column":0},"end":{"line":82,"column":47}},"35":{"start":{"line":83,"column":0},"end":{"line":83,"column":53}},"36":{"start":{"line":84,"column":0},"end":{"line":84,"column":55}},"37":{"start":{"line":85,"column":0},"end":{"line":85,"column":55}},"38":{"start":{"line":86,"column":0},"end":{"line":86,"column":53}},"39":{"start":{"line":87,"column":0},"end":{"line":87,"column":49}},"40":{"start":{"line":88,"column":0},"end":{"line":88,"column":63}},"41":{"start":{"line":89,"column":0},"end":{"line":91,"column":2}},"42":{"start":{"line":90,"column":2},"end":{"line":90,"column":99}},"43":{"start":{"line":94,"column":0},"end":{"line":94,"column":32}},"44":{"start":{"line":95,"column":0},"end":{"line":95,"column":31}},"45":{"start":{"line":99,"column":0},"end":{"line":102,"column":1}},"46":{"start":{"line":100,"column":40},"end":{"line":100,"column":69}},"47":{"start":{"line":101,"column":2},"end":{"line":101,"column":30}},"48":{"start":{"line":105,"column":0},"end":{"line":105,"column":25}},"49":{"start":{"line":106,"column":0},"end":{"line":106,"column":29}},"50":{"start":{"line":108,"column":13},"end":{"line":108,"column":37}},"51":{"start":{"line":109,"column":0},"end":{"line":119,"column":1}},"52":{"start":{"line":110,"column":2},"end":{"line":112,"column":5}},"53":{"start":{"line":111,"column":4},"end":{"line":111,"column":59}},"54":{"start":{"line":114,"column":2},"end":{"line":118,"column":3}},"55":{"start":{"line":115,"column":4},"end":{"line":117,"column":7}},"56":{"start":{"line":116,"column":6},"end":{"line":116,"column":69}},"57":{"start":{"line":121,"column":0},"end":{"line":121,"column":33}}},"fnMap":{"0":{"name":"(anonymous_0)","decl":{"start":{"line":59,"column":8},"end":{"line":59,"column":9}},"loc":{"start":{"line":59,"column":28},"end":{"line":72,"column":1}},"line":59},"1":{"name":"(anonymous_1)","decl":{"start":{"line":80,"column":26},"end":{"line":80,"column":27}},"loc":{"start":{"line":80,"column":40},"end":{"line":80,"column":61}},"line":80},"2":{"name":"(anonymous_2)","decl":{"start":{"line":89,"column":23},"end":{"line":89,"column":24}},"loc":{"start":{"line":90,"column":2},"end":{"line":90,"column":99}},"line":90},"3":{"name":"(anonymous_3)","decl":{"start":{"line":110,"column":22},"end":{"line":110,"column":23}},"loc":{"start":{"line":110,"column":28},"end":{"line":112,"column":3}},"line":110},"4":{"name":"(anonymous_4)","decl":{"start":{"line":115,"column":37},"end":{"line":115,"column":38}},"loc":{"start":{"line":115,"column":43},"end":{"line":117,"column":5}},"line":115}},"branchMap":{"0":{"loc":{"start":{"line":17,"column":25},"end":{"line":17,"column":54}},"type":"binary-expr","locations":[{"start":{"line":17,"column":25},"end":{"line":17,"column":46}},{"start":{"line":17,"column":50},"end":{"line":17,"column":54}}],"line":17},"1":{"loc":{"start":{"line":22,"column":0},"end":{"line":30,"column":1}},"type":"if","locations":[{"start":{"line":22,"column":0},"end":{"line":30,"column":1}},{"start":{},"end":{}}],"line":22},"2":{"loc":{"start":{"line":35,"column":23},"end":{"line":37,"column":29}},"type":"cond-expr","locations":[{"start":{"line":36,"column":4},"end":{"line":36,"column":39}},{"start":{"line":37,"column":4},"end":{"line":37,"column":29}}],"line":35},"3":{"loc":{"start":{"line":68,"column":2},"end":{"line":70,"column":3}},"type":"if","locations":[{"start":{"line":68,"column":2},"end":{"line":70,"column":3}},{"start":{},"end":{}}],"line":68},"4":{"loc":{"start":{"line":68,"column":6},"end":{"line":68,"column":59}},"type":"binary-expr","locations":[{"start":{"line":68,"column":6},"end":{"line":68,"column":39}},{"start":{"line":68,"column":43},"end":{"line":68,"column":59}}],"line":68},"5":{"loc":{"start":{"line":99,"column":0},"end":{"line":102,"column":1}},"type":"if","locations":[{"start":{"line":99,"column":0},"end":{"line":102,"column":1}},{"start":{},"end":{}}],"line":99},"6":{"loc":{"start":{"line":108,"column":13},"end":{"line":108,"column":37}},"type":"binary-expr","locations":[{"start":{"line":108,"column":13},"end":{"line":108,"column":29}},{"start":{"line":108,"column":33},"end":{"line":108,"column":37}}],"line":108},"7":{"loc":{"start":{"line":109,"column":0},"end":{"line":119,"column":1}},"type":"if","locations":[{"start":{"line":109,"column":0},"end":{"line":119,"column":1}},{"start":{},"end":{}}],"line":109},"8":{"loc":{"start":{"line":114,"column":2},"end":{"line":118,"column":3}},"type":"if","locations":[{"start":{"line":114,"column":2},"end":{"line":118,"column":3}},{"start":{},"end":{}}],"line":114}},"s":{"0":1,"1":1,"2":1,"3":1,"4":1,"5":1,"6":1,"7":1,"8":1,"9":1,"10":1,"11":1,"12":1,"13":1,"14":1,"15":1,"16":1,"17":0,"18":0,"19":1,"20":1,"21":1,"22":1,"23":1,"24":1,"25":97,"26":0,"27":97,"28":1,"29":1,"30":1,"31":1,"32":1,"33":0,"34":1,"35":1,"36":1,"37":1,"38":1,"39":1,"40":1,"41":1,"42":2,"43":1,"44":1,"45":1,"46":0,"47":0,"48":1,"49":1,"50":1,"51":1,"52":0,"53":0,"54":0,"55":0,"56":0,"57":1},"f":{"0":97,"1":0,"2":2,"3":0,"4":0},"b":{"0":[1,1],"1":[0,1],"2":[1,0],"3":[0,97],"4":[97,97],"5":[0,1],"6":[1,0],"7":[0,1],"8":[0,0]},"_coverageSchema":"1a1c01bbd47fc00a2c39e90264f33305004495a9","hash":"221527c2730395af015e56ba7cc11bf93c6c6786"}
,"C:\\Users\\hp\\Senegal-Connect\\src\\config\\db.js": {"path":"C:\\Users\\hp\\Senegal-Connect\\src\\config\\db.js","statementMap":{"0":{"start":{"line":1,"column":0},"end":{"line":1,"column":27}},"1":{"start":{"line":2,"column":17},"end":{"line":2,"column":30}},"2":{"start":{"line":3,"column":15},"end":{"line":3,"column":34}},"3":{"start":{"line":5,"column":13},"end":{"line":11,"column":2}},"4":{"start":{"line":13,"column":0},"end":{"line":15,"column":3}},"5":{"start":{"line":14,"column":2},"end":{"line":14,"column":72}},"6":{"start":{"line":18,"column":16},"end":{"line":18,"column":26}},"7":{"start":{"line":19,"column":19},"end":{"line":19,"column":49}},"8":{"start":{"line":20,"column":2},"end":{"line":20,"column":89}},"9":{"start":{"line":21,"column":2},"end":{"line":21,"column":18}},"10":{"start":{"line":25,"column":17},"end":{"line":25,"column":37}},"11":{"start":{"line":26,"column":2},"end":{"line":36,"column":3}},"12":{"start":{"line":27,"column":4},"end":{"line":27,"column":32}},"13":{"start":{"line":28,"column":21},"end":{"line":28,"column":43}},"14":{"start":{"line":29,"column":4},"end":{"line":29,"column":33}},"15":{"start":{"line":30,"column":4},"end":{"line":30,"column":20}},"16":{"start":{"line":32,"column":4},"end":{"line":32,"column":35}},"17":{"start":{"line":33,"column":4},"end":{"line":33,"column":14}},"18":{"start":{"line":35,"column":4},"end":{"line":35,"column":21}},"19":{"start":{"line":39,"column":0},"end":{"line":39,"column":46}}},"fnMap":{"0":{"name":"(anonymous_0)","decl":{"start":{"line":13,"column":17},"end":{"line":13,"column":18}},"loc":{"start":{"line":13,"column":26},"end":{"line":15,"column":1}},"line":13},"1":{"name":"query","decl":{"start":{"line":17,"column":15},"end":{"line":17,"column":20}},"loc":{"start":{"line":17,"column":35},"end":{"line":22,"column":1}},"line":17},"2":{"name":"transaction","decl":{"start":{"line":24,"column":15},"end":{"line":24,"column":26}},"loc":{"start":{"line":24,"column":37},"end":{"line":37,"column":1}},"line":24}},"branchMap":{},"s":{"0":4,"1":4,"2":4,"3":4,"4":4,"5":0,"6":1,"7":1,"8":1,"9":1,"10":2,"11":2,"12":2,"13":2,"14":1,"15":1,"16":1,"17":1,"18":2,"19":4},"f":{"0":0,"1":1,"2":2},"b":{},"_coverageSchema":"1a1c01bbd47fc00a2c39e90264f33305004495a9","hash":"e6b68451f50cc1e284ddd38773d672aa7cee7b7f"}
,"C:\\Users\\hp\\Senegal-Connect\\src\\config\\logger.js": {"path":"C:\\Users\\hp\\Senegal-Connect\\src\\config\\logger.js","statementMap":{"0":{"start":{"line":1,"column":16},"end":{"line":1,"column":34}},"1":{"start":{"line":3,"column":16},"end":{"line":3,"column":47}},"2":{"start":{"line":4,"column":16},"end":{"line":4,"column":53}},"3":{"start":{"line":6,"column":18},"end":{"line":10,"column":1}},"4":{"start":{"line":9,"column":59},"end":{"line":9,"column":96}},"5":{"start":{"line":12,"column":19},"end":{"line":15,"column":1}},"6":{"start":{"line":17,"column":19},"end":{"line":17,"column":21}},"7":{"start":{"line":18,"column":0},"end":{"line":25,"column":1}},"8":{"start":{"line":19,"column":2},"end":{"line":22,"column":4}},"9":{"start":{"line":23,"column":7},"end":{"line":25,"column":1}},"10":{"start":{"line":24,"column":2},"end":{"line":24,"column":73}},"11":{"start":{"line":27,"column":15},"end":{"line":32,"column":2}},"12":{"start":{"line":34,"column":0},"end":{"line":34,"column":68}},"13":{"start":{"line":34,"column":38},"end":{"line":34,"column":65}},"14":{"start":{"line":36,"column":0},"end":{"line":36,"column":24}}},"fnMap":{"0":{"name":"(anonymous_0)","decl":{"start":{"line":9,"column":24},"end":{"line":9,"column":25}},"loc":{"start":{"line":9,"column":59},"end":{"line":9,"column":96}},"line":9},"1":{"name":"(anonymous_1)","decl":{"start":{"line":34,"column":25},"end":{"line":34,"column":26}},"loc":{"start":{"line":34,"column":38},"end":{"line":34,"column":65}},"line":34}},"branchMap":{"0":{"loc":{"start":{"line":18,"column":0},"end":{"line":25,"column":1}},"type":"if","locations":[{"start":{"line":18,"column":0},"end":{"line":25,"column":1}},{"start":{"line":23,"column":7},"end":{"line":25,"column":1}}],"line":18},"1":{"loc":{"start":{"line":23,"column":7},"end":{"line":25,"column":1}},"type":"if","locations":[{"start":{"line":23,"column":7},"end":{"line":25,"column":1}},{"start":{},"end":{}}],"line":23},"2":{"loc":{"start":{"line":28,"column":9},"end":{"line":28,"column":40}},"type":"binary-expr","locations":[{"start":{"line":28,"column":9},"end":{"line":28,"column":30}},{"start":{"line":28,"column":34},"end":{"line":28,"column":40}}],"line":28},"3":{"loc":{"start":{"line":29,"column":10},"end":{"line":29,"column":42}},"type":"cond-expr","locations":[{"start":{"line":29,"column":20},"end":{"line":29,"column":30}},{"start":{"line":29,"column":33},"end":{"line":29,"column":42}}],"line":29}},"s":{"0":5,"1":5,"2":5,"3":5,"4":0,"5":5,"6":5,"7":5,"8":0,"9":5,"10":0,"11":5,"12":5,"13":97,"14":5},"f":{"0":0,"1":97},"b":{"0":[0,5],"1":[0,5],"2":[5,0],"3":[0,5]},"_coverageSchema":"1a1c01bbd47fc00a2c39e90264f33305004495a9","hash":"b273449e5c761471cb040e769a9b6a37619c994e"}
,"C:\\Users\\hp\\Senegal-Connect\\src\\config\\swagger.js": {"path":"C:\\Users\\hp\\Senegal-Connect\\src\\config\\swagger.js","statementMap":{"0":{"start":{"line":1,"column":21},"end":{"line":1,"column":45}},"1":{"start":{"line":2,"column":18},"end":{"line":2,"column":47}},"2":{"start":{"line":4,"column":16},"end":{"line":81,"column":1}},"3":{"start":{"line":83,"column":20},"end":{"line":83,"column":41}},"4":{"start":{"line":86,"column":2},"end":{"line":86,"column":70}},"5":{"start":{"line":87,"column":2},"end":{"line":87,"column":65}},"6":{"start":{"line":87,"column":42},"end":{"line":87,"column":63}},"7":{"start":{"line":90,"column":0},"end":{"line":90,"column":47}}},"fnMap":{"0":{"name":"setupSwagger","decl":{"start":{"line":85,"column":9},"end":{"line":85,"column":21}},"loc":{"start":{"line":85,"column":27},"end":{"line":88,"column":1}},"line":85},"1":{"name":"(anonymous_1)","decl":{"start":{"line":87,"column":28},"end":{"line":87,"column":29}},"loc":{"start":{"line":87,"column":42},"end":{"line":87,"column":63}},"line":87}},"branchMap":{},"s":{"0":1,"1":1,"2":1,"3":1,"4":0,"5":0,"6":0,"7":1},"f":{"0":0,"1":0},"b":{},"_coverageSchema":"1a1c01bbd47fc00a2c39e90264f33305004495a9","hash":"d21329067f9d77d742896af82ef8a156962e49de"}
,"C:\\Users\\hp\\Senegal-Connect\\src\\controllers\\authController.js": {"path":"C:\\Users\\hp\\Senegal-Connect\\src\\controllers\\authController.js","statementMap":{"0":{"start":{"line":1,"column":15},"end":{"line":1,"column":34}},"1":{"start":{"line":2,"column":12},"end":{"line":2,"column":35}},"2":{"start":{"line":3,"column":15},"end":{"line":3,"column":32}},"3":{"start":{"line":4,"column":31},"end":{"line":4,"column":54}},"4":{"start":{"line":5,"column":15},"end":{"line":5,"column":42}},"5":{"start":{"line":7,"column":20},"end":{"line":7,"column":22}},"6":{"start":{"line":8,"column":37},"end":{"line":8,"column":39}},"7":{"start":{"line":11,"column":2},"end":{"line":25,"column":3}},"8":{"start":{"line":12,"column":49},"end":{"line":12,"column":57}},"9":{"start":{"line":13,"column":17},"end":{"line":13,"column":61}},"10":{"start":{"line":15,"column":21},"end":{"line":20,"column":5}},"11":{"start":{"line":22,"column":4},"end":{"line":22,"column":43}},"12":{"start":{"line":24,"column":4},"end":{"line":24,"column":14}},"13":{"start":{"line":30,"column":2},"end":{"line":30,"column":52}},"14":{"start":{"line":35,"column":2},"end":{"line":35,"column":57}},"15":{"start":{"line":40,"column":2},"end":{"line":78,"column":3}},"16":{"start":{"line":41,"column":69},"end":{"line":41,"column":77}},"17":{"start":{"line":42,"column":17},"end":{"line":42,"column":61}},"18":{"start":{"line":44,"column":21},"end":{"line":59,"column":6}},"19":{"start":{"line":45,"column":26},"end":{"line":50,"column":7}},"20":{"start":{"line":52,"column":28},"end":{"line":56,"column":7}},"21":{"start":{"line":58,"column":6},"end":{"line":58,"column":81}},"22":{"start":{"line":61,"column":18},"end":{"line":65,"column":5}},"23":{"start":{"line":67,"column":4},"end":{"line":75,"column":7}},"24":{"start":{"line":77,"column":4},"end":{"line":77,"column":14}},"25":{"start":{"line":82,"column":2},"end":{"line":126,"column":3}},"26":{"start":{"line":83,"column":36},"end":{"line":83,"column":44}},"27":{"start":{"line":85,"column":21},"end":{"line":85,"column":88}},"28":{"start":{"line":86,"column":24},"end":{"line":86,"column":40}},"29":{"start":{"line":88,"column":29},"end":{"line":90,"column":106}},"30":{"start":{"line":92,"column":4},"end":{"line":95,"column":5}},"31":{"start":{"line":93,"column":6},"end":{"line":93,"column":76}},"32":{"start":{"line":94,"column":6},"end":{"line":94,"column":74}},"33":{"start":{"line":98,"column":19},"end":{"line":98,"column":23}},"34":{"start":{"line":99,"column":4},"end":{"line":104,"column":5}},"35":{"start":{"line":100,"column":24},"end":{"line":100,"column":105}},"36":{"start":{"line":101,"column":6},"end":{"line":103,"column":7}},"37":{"start":{"line":102,"column":8},"end":{"line":102,"column":40}},"38":{"start":{"line":106,"column":18},"end":{"line":110,"column":5}},"39":{"start":{"line":112,"column":4},"end":{"line":123,"column":7}},"40":{"start":{"line":125,"column":4},"end":{"line":125,"column":14}},"41":{"start":{"line":130,"column":2},"end":{"line":130,"column":21}},"42":{"start":{"line":135,"column":2},"end":{"line":164,"column":3}},"43":{"start":{"line":136,"column":22},"end":{"line":136,"column":30}},"44":{"start":{"line":137,"column":21},"end":{"line":137,"column":89}},"45":{"start":{"line":139,"column":26},"end":{"line":139,"column":90}},"46":{"start":{"line":141,"column":4},"end":{"line":143,"column":5}},"47":{"start":{"line":142,"column":6},"end":{"line":142,"column":50}},"48":{"start":{"line":145,"column":26},"end":{"line":145,"column":45}},"49":{"start":{"line":146,"column":18},"end":{"line":146,"column":56}},"50":{"start":{"line":147,"column":21},"end":{"line":147,"column":84}},"51":{"start":{"line":149,"column":4},"end":{"line":149,"column":96}},"52":{"start":{"line":150,"column":4},"end":{"line":153,"column":6}},"53":{"start":{"line":155,"column":4},"end":{"line":155,"column":99}},"54":{"start":{"line":157,"column":4},"end":{"line":161,"column":7}},"55":{"start":{"line":163,"column":4},"end":{"line":163,"column":14}},"56":{"start":{"line":169,"column":2},"end":{"line":191,"column":3}},"57":{"start":{"line":170,"column":44},"end":{"line":170,"column":52}},"58":{"start":{"line":172,"column":21},"end":{"line":175,"column":5}},"59":{"start":{"line":177,"column":4},"end":{"line":179,"column":5}},"60":{"start":{"line":178,"column":6},"end":{"line":178,"column":94}},"61":{"start":{"line":181,"column":20},"end":{"line":181,"column":36}},"62":{"start":{"line":182,"column":17},"end":{"line":182,"column":69}},"63":{"start":{"line":184,"column":4},"end":{"line":184,"column":107}},"64":{"start":{"line":185,"column":4},"end":{"line":185,"column":105}},"65":{"start":{"line":187,"column":4},"end":{"line":187,"column":90}},"66":{"start":{"line":188,"column":4},"end":{"line":188,"column":67}},"67":{"start":{"line":190,"column":4},"end":{"line":190,"column":14}},"68":{"start":{"line":194,"column":0},"end":{"line":194,"column":133}}},"fnMap":{"0":{"name":"creerUtilisateur","decl":{"start":{"line":10,"column":15},"end":{"line":10,"column":31}},"loc":{"start":{"line":10,"column":54},"end":{"line":26,"column":1}},"line":10},"1":{"name":"inscrire","decl":{"start":{"line":29,"column":9},"end":{"line":29,"column":17}},"loc":{"start":{"line":29,"column":34},"end":{"line":31,"column":1}},"line":29},"2":{"name":"inscrireInterne","decl":{"start":{"line":34,"column":9},"end":{"line":34,"column":24}},"loc":{"start":{"line":34,"column":41},"end":{"line":36,"column":1}},"line":34},"3":{"name":"inscrireClient","decl":{"start":{"line":39,"column":15},"end":{"line":39,"column":29}},"loc":{"start":{"line":39,"column":46},"end":{"line":79,"column":1}},"line":39},"4":{"name":"(anonymous_4)","decl":{"start":{"line":44,"column":39},"end":{"line":44,"column":40}},"loc":{"start":{"line":44,"column":57},"end":{"line":59,"column":5}},"line":44},"5":{"name":"connecter","decl":{"start":{"line":81,"column":15},"end":{"line":81,"column":24}},"loc":{"start":{"line":81,"column":41},"end":{"line":127,"column":1}},"line":81},"6":{"name":"profil","decl":{"start":{"line":129,"column":15},"end":{"line":129,"column":21}},"loc":{"start":{"line":129,"column":32},"end":{"line":131,"column":1}},"line":129},"7":{"name":"demanderReinitialisation","decl":{"start":{"line":134,"column":15},"end":{"line":134,"column":39}},"loc":{"start":{"line":134,"column":56},"end":{"line":165,"column":1}},"line":134},"8":{"name":"reinitialiserMotDePasse","decl":{"start":{"line":168,"column":15},"end":{"line":168,"column":38}},"loc":{"start":{"line":168,"column":55},"end":{"line":192,"column":1}},"line":168}},"branchMap":{"0":{"loc":{"start":{"line":64,"column":19},"end":{"line":64,"column":54}},"type":"binary-expr","locations":[{"start":{"line":64,"column":19},"end":{"line":64,"column":45}},{"start":{"line":64,"column":49},"end":{"line":64,"column":54}}],"line":64},"1":{"loc":{"start":{"line":88,"column":29},"end":{"line":90,"column":106}},"type":"cond-expr","locations":[{"start":{"line":89,"column":8},"end":{"line":89,"column":68}},{"start":{"line":90,"column":8},"end":{"line":90,"column":106}}],"line":88},"2":{"loc":{"start":{"line":92,"column":4},"end":{"line":95,"column":5}},"type":"if","locations":[{"start":{"line":92,"column":4},"end":{"line":95,"column":5}},{"start":{},"end":{}}],"line":92},"3":{"loc":{"start":{"line":92,"column":8},"end":{"line":92,"column":41}},"type":"binary-expr","locations":[{"start":{"line":92,"column":8},"end":{"line":92,"column":20}},{"start":{"line":92,"column":24},"end":{"line":92,"column":41}}],"line":92},"4":{"loc":{"start":{"line":99,"column":4},"end":{"line":104,"column":5}},"type":"if","locations":[{"start":{"line":99,"column":4},"end":{"line":104,"column":5}},{"start":{},"end":{}}],"line":99},"5":{"loc":{"start":{"line":101,"column":6},"end":{"line":103,"column":7}},"type":"if","locations":[{"start":{"line":101,"column":6},"end":{"line":103,"column":7}},{"start":{},"end":{}}],"line":101},"6":{"loc":{"start":{"line":107,"column":89},"end":{"line":107,"column":111}},"type":"binary-expr","locations":[{"start":{"line":107,"column":89},"end":{"line":107,"column":105}},{"start":{"line":107,"column":109},"end":{"line":107,"column":111}}],"line":107},"7":{"loc":{"start":{"line":109,"column":19},"end":{"line":109,"column":54}},"type":"binary-expr","locations":[{"start":{"line":109,"column":19},"end":{"line":109,"column":45}},{"start":{"line":109,"column":49},"end":{"line":109,"column":54}}],"line":109},"8":{"loc":{"start":{"line":141,"column":4},"end":{"line":143,"column":5}},"type":"if","locations":[{"start":{"line":141,"column":4},"end":{"line":143,"column":5}},{"start":{},"end":{}}],"line":141},"9":{"loc":{"start":{"line":177,"column":4},"end":{"line":179,"column":5}},"type":"if","locations":[{"start":{"line":177,"column":4},"end":{"line":179,"column":5}},{"start":{},"end":{}}],"line":177}},"s":{"0":1,"1":1,"2":1,"3":1,"4":1,"5":1,"6":1,"7":3,"8":3,"9":3,"10":3,"11":2,"12":1,"13":2,"14":1,"15":1,"16":1,"17":1,"18":1,"19":1,"20":1,"21":1,"22":1,"23":1,"24":0,"25":2,"26":2,"27":2,"28":2,"29":2,"30":2,"31":1,"32":1,"33":1,"34":1,"35":1,"36":1,"37":1,"38":1,"39":1,"40":0,"41":1,"42":1,"43":1,"44":1,"45":1,"46":1,"47":1,"48":0,"49":0,"50":0,"51":0,"52":0,"53":0,"54":0,"55":0,"56":1,"57":1,"58":1,"59":1,"60":1,"61":0,"62":0,"63":0,"64":0,"65":0,"66":0,"67":0,"68":1},"f":{"0":3,"1":2,"2":1,"3":1,"4":1,"5":2,"6":1,"7":1,"8":1},"b":{"0":[1,0],"1":[1,1],"2":[1,1],"3":[2,1],"4":[1,0],"5":[1,0],"6":[1,0],"7":[1,0],"8":[1,0],"9":[1,0]},"_coverageSchema":"1a1c01bbd47fc00a2c39e90264f33305004495a9","hash":"cbcf7cc91cf6f4a585b6065a2619fa73b426c9be"}
,"C:\\Users\\hp\\Senegal-Connect\\src\\controllers\\clientsController.js": {"path":"C:\\Users\\hp\\Senegal-Connect\\src\\controllers\\clientsController.js","statementMap":{"0":{"start":{"line":1,"column":31},"end":{"line":1,"column":54}},"1":{"start":{"line":2,"column":15},"end":{"line":2,"column":34}},"2":{"start":{"line":5,"column":2},"end":{"line":53,"column":3}},"3":{"start":{"line":6,"column":17},"end":{"line":6,"column":59}},"4":{"start":{"line":7,"column":19},"end":{"line":7,"column":66}},"5":{"start":{"line":8,"column":19},"end":{"line":8,"column":38}},"6":{"start":{"line":10,"column":23},"end":{"line":10,"column":25}},"7":{"start":{"line":11,"column":20},"end":{"line":11,"column":22}},"8":{"start":{"line":13,"column":4},"end":{"line":16,"column":5}},"9":{"start":{"line":14,"column":6},"end":{"line":14,"column":37}},"10":{"start":{"line":15,"column":6},"end":{"line":15,"column":55}},"11":{"start":{"line":17,"column":4},"end":{"line":20,"column":5}},"12":{"start":{"line":18,"column":6},"end":{"line":18,"column":41}},"13":{"start":{"line":19,"column":6},"end":{"line":19,"column":59}},"14":{"start":{"line":21,"column":4},"end":{"line":25,"column":5}},"15":{"start":{"line":22,"column":6},"end":{"line":22,"column":39}},"16":{"start":{"line":23,"column":18},"end":{"line":23,"column":32}},"17":{"start":{"line":24,"column":6},"end":{"line":24,"column":98}},"18":{"start":{"line":27,"column":18},"end":{"line":27,"column":78}},"19":{"start":{"line":29,"column":18},"end":{"line":32,"column":5}},"20":{"start":{"line":34,"column":20},"end":{"line":43,"column":5}},"21":{"start":{"line":45,"column":24},"end":{"line":45,"column":57}},"22":{"start":{"line":47,"column":4},"end":{"line":50,"column":7}},"23":{"start":{"line":52,"column":4},"end":{"line":52,"column":14}},"24":{"start":{"line":57,"column":2},"end":{"line":105,"column":3}},"25":{"start":{"line":58,"column":19},"end":{"line":58,"column":29}},"26":{"start":{"line":61,"column":19},"end":{"line":69,"column":5}},"27":{"start":{"line":71,"column":4},"end":{"line":71,"column":97}},"28":{"start":{"line":71,"column":34},"end":{"line":71,"column":97}},"29":{"start":{"line":74,"column":21},"end":{"line":74,"column":38}},"30":{"start":{"line":76,"column":28},"end":{"line":79,"column":5}},"31":{"start":{"line":81,"column":26},"end":{"line":84,"column":5}},"32":{"start":{"line":86,"column":22},"end":{"line":89,"column":5}},"33":{"start":{"line":91,"column":20},"end":{"line":91,"column":51}},"34":{"start":{"line":93,"column":4},"end":{"line":102,"column":7}},"35":{"start":{"line":104,"column":4},"end":{"line":104,"column":14}},"36":{"start":{"line":108,"column":2},"end":{"line":130,"column":3}},"37":{"start":{"line":109,"column":55},"end":{"line":109,"column":63}},"38":{"start":{"line":110,"column":33},"end":{"line":110,"column":62}},"39":{"start":{"line":112,"column":21},"end":{"line":125,"column":6}},"40":{"start":{"line":113,"column":26},"end":{"line":117,"column":7}},"41":{"start":{"line":119,"column":28},"end":{"line":122,"column":7}},"42":{"start":{"line":124,"column":6},"end":{"line":124,"column":35}},"43":{"start":{"line":127,"column":4},"end":{"line":127,"column":35}},"44":{"start":{"line":129,"column":4},"end":{"line":129,"column":14}},"45":{"start":{"line":134,"column":2},"end":{"line":152,"column":3}},"46":{"start":{"line":135,"column":19},"end":{"line":135,"column":29}},"47":{"start":{"line":136,"column":55},"end":{"line":136,"column":63}},"48":{"start":{"line":138,"column":27},"end":{"line":138,"column":96}},"49":{"start":{"line":139,"column":4},"end":{"line":139,"column":105}},"50":{"start":{"line":139,"column":42},"end":{"line":139,"column":105}},"51":{"start":{"line":141,"column":4},"end":{"line":146,"column":7}},"52":{"start":{"line":142,"column":6},"end":{"line":144,"column":9}},"53":{"start":{"line":145,"column":6},"end":{"line":145,"column":116}},"54":{"start":{"line":148,"column":21},"end":{"line":148,"column":77}},"55":{"start":{"line":149,"column":4},"end":{"line":149,"column":31}},"56":{"start":{"line":151,"column":4},"end":{"line":151,"column":14}},"57":{"start":{"line":156,"column":2},"end":{"line":185,"column":3}},"58":{"start":{"line":157,"column":19},"end":{"line":157,"column":29}},"59":{"start":{"line":158,"column":23},"end":{"line":158,"column":31}},"60":{"start":{"line":164,"column":22},"end":{"line":167,"column":5}},"61":{"start":{"line":168,"column":4},"end":{"line":168,"column":100}},"62":{"start":{"line":168,"column":37},"end":{"line":168,"column":100}},"63":{"start":{"line":169,"column":21},"end":{"line":169,"column":41}},"64":{"start":{"line":171,"column":4},"end":{"line":179,"column":5}},"65":{"start":{"line":172,"column":23},"end":{"line":175,"column":7}},"66":{"start":{"line":176,"column":6},"end":{"line":178,"column":7}},"67":{"start":{"line":177,"column":8},"end":{"line":177,"column":111}},"68":{"start":{"line":181,"column":21},"end":{"line":181,"column":112}},"69":{"start":{"line":182,"column":4},"end":{"line":182,"column":31}},"70":{"start":{"line":184,"column":4},"end":{"line":184,"column":14}},"71":{"start":{"line":189,"column":2},"end":{"line":211,"column":3}},"72":{"start":{"line":190,"column":19},"end":{"line":190,"column":29}},"73":{"start":{"line":192,"column":22},"end":{"line":195,"column":5}},"74":{"start":{"line":196,"column":4},"end":{"line":196,"column":100}},"75":{"start":{"line":196,"column":37},"end":{"line":196,"column":100}},"76":{"start":{"line":197,"column":21},"end":{"line":197,"column":41}},"77":{"start":{"line":199,"column":21},"end":{"line":202,"column":5}},"78":{"start":{"line":203,"column":4},"end":{"line":205,"column":5}},"79":{"start":{"line":204,"column":6},"end":{"line":204,"column":110}},"80":{"start":{"line":207,"column":4},"end":{"line":207,"column":65}},"81":{"start":{"line":208,"column":4},"end":{"line":208,"column":27}},"82":{"start":{"line":210,"column":4},"end":{"line":210,"column":14}},"83":{"start":{"line":221,"column":2},"end":{"line":240,"column":3}},"84":{"start":{"line":222,"column":26},"end":{"line":222,"column":37}},"85":{"start":{"line":224,"column":22},"end":{"line":224,"column":102}},"86":{"start":{"line":225,"column":4},"end":{"line":225,"column":107}},"87":{"start":{"line":225,"column":37},"end":{"line":225,"column":107}},"88":{"start":{"line":226,"column":21},"end":{"line":226,"column":41}},"89":{"start":{"line":228,"column":21},"end":{"line":231,"column":5}},"90":{"start":{"line":232,"column":4},"end":{"line":234,"column":5}},"91":{"start":{"line":233,"column":6},"end":{"line":233,"column":121}},"92":{"start":{"line":236,"column":4},"end":{"line":236,"column":75}},"93":{"start":{"line":237,"column":4},"end":{"line":237,"column":27}},"94":{"start":{"line":239,"column":4},"end":{"line":239,"column":14}},"95":{"start":{"line":248,"column":2},"end":{"line":266,"column":3}},"96":{"start":{"line":249,"column":19},"end":{"line":249,"column":29}},"97":{"start":{"line":250,"column":27},"end":{"line":250,"column":35}},"98":{"start":{"line":252,"column":20},"end":{"line":252,"column":102}},"99":{"start":{"line":253,"column":4},"end":{"line":255,"column":5}},"100":{"start":{"line":254,"column":6},"end":{"line":254,"column":107}},"101":{"start":{"line":257,"column":21},"end":{"line":260,"column":5}},"102":{"start":{"line":261,"column":4},"end":{"line":261,"column":99}},"103":{"start":{"line":261,"column":36},"end":{"line":261,"column":99}},"104":{"start":{"line":263,"column":4},"end":{"line":263,"column":64}},"105":{"start":{"line":265,"column":4},"end":{"line":265,"column":14}},"106":{"start":{"line":269,"column":0},"end":{"line":272,"column":2}}},"fnMap":{"0":{"name":"lister","decl":{"start":{"line":4,"column":15},"end":{"line":4,"column":21}},"loc":{"start":{"line":4,"column":38},"end":{"line":54,"column":1}},"line":4},"1":{"name":"obtenirDetail","decl":{"start":{"line":56,"column":15},"end":{"line":56,"column":28}},"loc":{"start":{"line":56,"column":45},"end":{"line":106,"column":1}},"line":56},"2":{"name":"creer","decl":{"start":{"line":107,"column":15},"end":{"line":107,"column":20}},"loc":{"start":{"line":107,"column":37},"end":{"line":131,"column":1}},"line":107},"3":{"name":"(anonymous_3)","decl":{"start":{"line":112,"column":39},"end":{"line":112,"column":40}},"loc":{"start":{"line":112,"column":57},"end":{"line":125,"column":5}},"line":112},"4":{"name":"modifier","decl":{"start":{"line":133,"column":15},"end":{"line":133,"column":23}},"loc":{"start":{"line":133,"column":40},"end":{"line":153,"column":1}},"line":133},"5":{"name":"(anonymous_5)","decl":{"start":{"line":141,"column":22},"end":{"line":141,"column":23}},"loc":{"start":{"line":141,"column":40},"end":{"line":146,"column":5}},"line":141},"6":{"name":"changerStatut","decl":{"start":{"line":155,"column":15},"end":{"line":155,"column":28}},"loc":{"start":{"line":155,"column":45},"end":{"line":186,"column":1}},"line":155},"7":{"name":"supprimer","decl":{"start":{"line":188,"column":15},"end":{"line":188,"column":24}},"loc":{"start":{"line":188,"column":41},"end":{"line":212,"column":1}},"line":188},"8":{"name":"supprimerMonCompte","decl":{"start":{"line":220,"column":15},"end":{"line":220,"column":33}},"loc":{"start":{"line":220,"column":50},"end":{"line":241,"column":1}},"line":220},"9":{"name":"changerForfait","decl":{"start":{"line":247,"column":15},"end":{"line":247,"column":29}},"loc":{"start":{"line":247,"column":46},"end":{"line":267,"column":1}},"line":247}},"branchMap":{"0":{"loc":{"start":{"line":6,"column":26},"end":{"line":6,"column":55}},"type":"binary-expr","locations":[{"start":{"line":6,"column":26},"end":{"line":6,"column":50}},{"start":{"line":6,"column":54},"end":{"line":6,"column":55}}],"line":6},"1":{"loc":{"start":{"line":7,"column":28},"end":{"line":7,"column":60}},"type":"binary-expr","locations":[{"start":{"line":7,"column":28},"end":{"line":7,"column":54}},{"start":{"line":7,"column":58},"end":{"line":7,"column":60}}],"line":7},"2":{"loc":{"start":{"line":13,"column":4},"end":{"line":16,"column":5}},"type":"if","locations":[{"start":{"line":13,"column":4},"end":{"line":16,"column":5}},{"start":{},"end":{}}],"line":13},"3":{"loc":{"start":{"line":17,"column":4},"end":{"line":20,"column":5}},"type":"if","locations":[{"start":{"line":17,"column":4},"end":{"line":20,"column":5}},{"start":{},"end":{}}],"line":17},"4":{"loc":{"start":{"line":21,"column":4},"end":{"line":25,"column":5}},"type":"if","locations":[{"start":{"line":21,"column":4},"end":{"line":25,"column":5}},{"start":{},"end":{}}],"line":21},"5":{"loc":{"start":{"line":27,"column":18},"end":{"line":27,"column":78}},"type":"cond-expr","locations":[{"start":{"line":27,"column":38},"end":{"line":27,"column":73}},{"start":{"line":27,"column":76},"end":{"line":27,"column":78}}],"line":27},"6":{"loc":{"start":{"line":71,"column":4},"end":{"line":71,"column":97}},"type":"if","locations":[{"start":{"line":71,"column":4},"end":{"line":71,"column":97}},{"start":{},"end":{}}],"line":71},"7":{"loc":{"start":{"line":91,"column":20},"end":{"line":91,"column":51}},"type":"binary-expr","locations":[{"start":{"line":91,"column":20},"end":{"line":91,"column":43}},{"start":{"line":91,"column":47},"end":{"line":91,"column":51}}],"line":91},"8":{"loc":{"start":{"line":97,"column":24},"end":{"line":97,"column":61}},"type":"cond-expr","locations":[{"start":{"line":97,"column":34},"end":{"line":97,"column":54}},{"start":{"line":97,"column":57},"end":{"line":97,"column":61}}],"line":97},"9":{"loc":{"start":{"line":98,"column":34},"end":{"line":98,"column":68}},"type":"cond-expr","locations":[{"start":{"line":98,"column":44},"end":{"line":98,"column":61}},{"start":{"line":98,"column":64},"end":{"line":98,"column":68}}],"line":98},"10":{"loc":{"start":{"line":99,"column":23},"end":{"line":99,"column":90}},"type":"cond-expr","locations":[{"start":{"line":99,"column":33},"end":{"line":99,"column":82}},{"start":{"line":99,"column":85},"end":{"line":99,"column":90}}],"line":99},"11":{"loc":{"start":{"line":101,"column":23},"end":{"line":101,"column":52}},"type":"binary-expr","locations":[{"start":{"line":101,"column":23},"end":{"line":101,"column":44}},{"start":{"line":101,"column":48},"end":{"line":101,"column":52}}],"line":101},"12":{"loc":{"start":{"line":139,"column":4},"end":{"line":139,"column":105}},"type":"if","locations":[{"start":{"line":139,"column":4},"end":{"line":139,"column":105}},{"start":{},"end":{}}],"line":139},"13":{"loc":{"start":{"line":168,"column":4},"end":{"line":168,"column":100}},"type":"if","locations":[{"start":{"line":168,"column":4},"end":{"line":168,"column":100}},{"start":{},"end":{}}],"line":168},"14":{"loc":{"start":{"line":171,"column":4},"end":{"line":179,"column":5}},"type":"if","locations":[{"start":{"line":171,"column":4},"end":{"line":179,"column":5}},{"start":{},"end":{}}],"line":171},"15":{"loc":{"start":{"line":176,"column":6},"end":{"line":178,"column":7}},"type":"if","locations":[{"start":{"line":176,"column":6},"end":{"line":178,"column":7}},{"start":{},"end":{}}],"line":176},"16":{"loc":{"start":{"line":196,"column":4},"end":{"line":196,"column":100}},"type":"if","locations":[{"start":{"line":196,"column":4},"end":{"line":196,"column":100}},{"start":{},"end":{}}],"line":196},"17":{"loc":{"start":{"line":203,"column":4},"end":{"line":205,"column":5}},"type":"if","locations":[{"start":{"line":203,"column":4},"end":{"line":205,"column":5}},{"start":{},"end":{}}],"line":203},"18":{"loc":{"start":{"line":225,"column":4},"end":{"line":225,"column":107}},"type":"if","locations":[{"start":{"line":225,"column":4},"end":{"line":225,"column":107}},{"start":{},"end":{}}],"line":225},"19":{"loc":{"start":{"line":232,"column":4},"end":{"line":234,"column":5}},"type":"if","locations":[{"start":{"line":232,"column":4},"end":{"line":234,"column":5}},{"start":{},"end":{}}],"line":232},"20":{"loc":{"start":{"line":253,"column":4},"end":{"line":255,"column":5}},"type":"if","locations":[{"start":{"line":253,"column":4},"end":{"line":255,"column":5}},{"start":{},"end":{}}],"line":253},"21":{"loc":{"start":{"line":261,"column":4},"end":{"line":261,"column":99}},"type":"if","locations":[{"start":{"line":261,"column":4},"end":{"line":261,"column":99}},{"start":{},"end":{}}],"line":261}},"s":{"0":1,"1":1,"2":2,"3":2,"4":2,"5":2,"6":2,"7":2,"8":2,"9":0,"10":0,"11":2,"12":0,"13":0,"14":2,"15":1,"16":1,"17":1,"18":2,"19":2,"20":2,"21":2,"22":2,"23":0,"24":2,"25":2,"26":2,"27":2,"28":1,"29":1,"30":1,"31":1,"32":1,"33":1,"34":1,"35":0,"36":1,"37":1,"38":1,"39":1,"40":1,"41":1,"42":1,"43":1,"44":0,"45":2,"46":2,"47":2,"48":2,"49":2,"50":1,"51":1,"52":1,"53":1,"54":1,"55":1,"56":0,"57":3,"58":3,"59":3,"60":3,"61":3,"62":0,"63":3,"64":3,"65":1,"66":1,"67":1,"68":2,"69":2,"70":0,"71":2,"72":2,"73":2,"74":2,"75":0,"76":2,"77":2,"78":2,"79":1,"80":1,"81":1,"82":0,"83":2,"84":2,"85":2,"86":2,"87":0,"88":2,"89":2,"90":2,"91":1,"92":1,"93":1,"94":0,"95":2,"96":2,"97":2,"98":2,"99":2,"100":1,"101":1,"102":1,"103":0,"104":1,"105":0,"106":1},"f":{"0":2,"1":2,"2":1,"3":1,"4":2,"5":1,"6":3,"7":2,"8":2,"9":2},"b":{"0":[2,2],"1":[2,2],"2":[0,2],"3":[0,2],"4":[1,1],"5":[1,1],"6":[1,1],"7":[1,1],"8":[0,1],"9":[0,1],"10":[0,1],"11":[1,1],"12":[1,1],"13":[0,3],"14":[1,2],"15":[1,0],"16":[0,2],"17":[1,1],"18":[0,2],"19":[1,1],"20":[1,1],"21":[0,1]},"_coverageSchema":"1a1c01bbd47fc00a2c39e90264f33305004495a9","hash":"f44d8692dc6b553cc0af1eb5113bdd35fd9eeec5"}
,"C:\\Users\\hp\\Senegal-Connect\\src\\controllers\\facturesController.js": {"path":"C:\\Users\\hp\\Senegal-Connect\\src\\controllers\\facturesController.js","statementMap":{"0":{"start":{"line":1,"column":11},"end":{"line":1,"column":34}},"1":{"start":{"line":4,"column":18},"end":{"line":4,"column":51}},"2":{"start":{"line":5,"column":19},"end":{"line":8,"column":3}},"3":{"start":{"line":9,"column":17},"end":{"line":9,"column":78}},"4":{"start":{"line":10,"column":2},"end":{"line":10,"column":32}},"5":{"start":{"line":14,"column":21},"end":{"line":14,"column":23}},"6":{"start":{"line":15,"column":18},"end":{"line":15,"column":20}},"7":{"start":{"line":17,"column":2},"end":{"line":17,"column":94}},"8":{"start":{"line":17,"column":18},"end":{"line":17,"column":41}},"9":{"start":{"line":17,"column":42},"end":{"line":17,"column":92}},"10":{"start":{"line":18,"column":2},"end":{"line":18,"column":87}},"11":{"start":{"line":18,"column":16},"end":{"line":18,"column":37}},"12":{"start":{"line":18,"column":38},"end":{"line":18,"column":85}},"13":{"start":{"line":19,"column":2},"end":{"line":19,"column":90}},"14":{"start":{"line":19,"column":17},"end":{"line":19,"column":39}},"15":{"start":{"line":19,"column":40},"end":{"line":19,"column":88}},"16":{"start":{"line":21,"column":16},"end":{"line":21,"column":76}},"17":{"start":{"line":22,"column":17},"end":{"line":22,"column":36}},"18":{"start":{"line":24,"column":16},"end":{"line":24,"column":81}},"19":{"start":{"line":25,"column":18},"end":{"line":28,"column":3}},"20":{"start":{"line":30,"column":2},"end":{"line":38,"column":4}},"21":{"start":{"line":42,"column":18},"end":{"line":42,"column":78}},"22":{"start":{"line":43,"column":2},"end":{"line":43,"column":36}},"23":{"start":{"line":43,"column":24},"end":{"line":43,"column":36}},"24":{"start":{"line":45,"column":17},"end":{"line":45,"column":99}},"25":{"start":{"line":46,"column":2},"end":{"line":46,"column":64}},"26":{"start":{"line":50,"column":20},"end":{"line":50,"column":51}},"27":{"start":{"line":60,"column":19},"end":{"line":70,"column":7}},"28":{"start":{"line":72,"column":2},"end":{"line":72,"column":26}},"29":{"start":{"line":76,"column":19},"end":{"line":79,"column":3}},"30":{"start":{"line":80,"column":2},"end":{"line":80,"column":26}},"31":{"start":{"line":84,"column":19},"end":{"line":87,"column":3}},"32":{"start":{"line":88,"column":2},"end":{"line":88,"column":34}},"33":{"start":{"line":96,"column":12},"end":{"line":96,"column":59}},"34":{"start":{"line":98,"column":27},"end":{"line":107,"column":3}},"35":{"start":{"line":109,"column":25},"end":{"line":109,"column":27}},"36":{"start":{"line":110,"column":2},"end":{"line":117,"column":3}},"37":{"start":{"line":111,"column":20},"end":{"line":115,"column":6}},"38":{"start":{"line":116,"column":4},"end":{"line":116,"column":33}},"39":{"start":{"line":118,"column":2},"end":{"line":118,"column":24}},"40":{"start":{"line":124,"column":19},"end":{"line":128,"column":3}},"41":{"start":{"line":129,"column":2},"end":{"line":129,"column":23}},"42":{"start":{"line":132,"column":0},"end":{"line":135,"column":2}}},"fnMap":{"0":{"name":"genererReference","decl":{"start":{"line":3,"column":15},"end":{"line":3,"column":31}},"loc":{"start":{"line":3,"column":41},"end":{"line":11,"column":1}},"line":3},"1":{"name":"lister","decl":{"start":{"line":13,"column":15},"end":{"line":13,"column":21}},"loc":{"start":{"line":13,"column":76},"end":{"line":39,"column":1}},"line":13},"2":{"name":"detail","decl":{"start":{"line":41,"column":15},"end":{"line":41,"column":21}},"loc":{"start":{"line":41,"column":26},"end":{"line":47,"column":1}},"line":41},"3":{"name":"creer","decl":{"start":{"line":49,"column":15},"end":{"line":49,"column":20}},"loc":{"start":{"line":49,"column":74},"end":{"line":73,"column":1}},"line":49},"4":{"name":"changerStatut","decl":{"start":{"line":75,"column":15},"end":{"line":75,"column":28}},"loc":{"start":{"line":75,"column":41},"end":{"line":81,"column":1}},"line":75},"5":{"name":"supprimer","decl":{"start":{"line":83,"column":15},"end":{"line":83,"column":24}},"loc":{"start":{"line":83,"column":29},"end":{"line":89,"column":1}},"line":83},"6":{"name":"genererFacturesMensuelles","decl":{"start":{"line":95,"column":15},"end":{"line":95,"column":40}},"loc":{"start":{"line":95,"column":50},"end":{"line":119,"column":1}},"line":95},"7":{"name":"marquerFacturesEnRetard","decl":{"start":{"line":123,"column":15},"end":{"line":123,"column":38}},"loc":{"start":{"line":123,"column":41},"end":{"line":130,"column":1}},"line":123}},"branchMap":{"0":{"loc":{"start":{"line":13,"column":51},"end":{"line":13,"column":59}},"type":"default-arg","locations":[{"start":{"line":13,"column":58},"end":{"line":13,"column":59}}],"line":13},"1":{"loc":{"start":{"line":13,"column":61},"end":{"line":13,"column":72}},"type":"default-arg","locations":[{"start":{"line":13,"column":70},"end":{"line":13,"column":72}}],"line":13},"2":{"loc":{"start":{"line":17,"column":2},"end":{"line":17,"column":94}},"type":"if","locations":[{"start":{"line":17,"column":2},"end":{"line":17,"column":94}},{"start":{},"end":{}}],"line":17},"3":{"loc":{"start":{"line":18,"column":2},"end":{"line":18,"column":87}},"type":"if","locations":[{"start":{"line":18,"column":2},"end":{"line":18,"column":87}},{"start":{},"end":{}}],"line":18},"4":{"loc":{"start":{"line":19,"column":2},"end":{"line":19,"column":90}},"type":"if","locations":[{"start":{"line":19,"column":2},"end":{"line":19,"column":90}},{"start":{},"end":{}}],"line":19},"5":{"loc":{"start":{"line":21,"column":16},"end":{"line":21,"column":76}},"type":"cond-expr","locations":[{"start":{"line":21,"column":36},"end":{"line":21,"column":71}},{"start":{"line":21,"column":74},"end":{"line":21,"column":76}}],"line":21},"6":{"loc":{"start":{"line":43,"column":2},"end":{"line":43,"column":36}},"type":"if","locations":[{"start":{"line":43,"column":2},"end":{"line":43,"column":36}},{"start":{},"end":{}}],"line":43},"7":{"loc":{"start":{"line":46,"column":39},"end":{"line":46,"column":61}},"type":"binary-expr","locations":[{"start":{"line":46,"column":39},"end":{"line":46,"column":53}},{"start":{"line":46,"column":57},"end":{"line":46,"column":61}}],"line":46},"8":{"loc":{"start":{"line":60,"column":19},"end":{"line":70,"column":7}},"type":"cond-expr","locations":[{"start":{"line":61,"column":6},"end":{"line":65,"column":7}},{"start":{"line":66,"column":6},"end":{"line":70,"column":7}}],"line":60},"9":{"loc":{"start":{"line":96,"column":12},"end":{"line":96,"column":59}},"type":"binary-expr","locations":[{"start":{"line":96,"column":12},"end":{"line":96,"column":19}},{"start":{"line":96,"column":23},"end":{"line":96,"column":59}}],"line":96}},"s":{"0":1,"1":5,"2":5,"3":4,"4":4,"5":2,"6":2,"7":2,"8":2,"9":2,"10":2,"11":0,"12":0,"13":2,"14":0,"15":0,"16":2,"17":2,"18":2,"19":2,"20":2,"21":4,"22":4,"23":1,"24":3,"25":3,"26":5,"27":4,"28":4,"29":3,"30":1,"31":1,"32":1,"33":3,"34":3,"35":3,"36":3,"37":3,"38":3,"39":3,"40":1,"41":1,"42":1},"f":{"0":5,"1":2,"2":4,"3":5,"4":3,"5":1,"6":3,"7":1},"b":{"0":[2],"1":[2],"2":[2,0],"3":[0,2],"4":[0,2],"5":[2,0],"6":[1,3],"7":[3,0],"8":[0,4],"9":[3,0]},"_coverageSchema":"1a1c01bbd47fc00a2c39e90264f33305004495a9","hash":"63b6228e320c96759a80ede32d8c6772f28d41f0"}
,"C:\\Users\\hp\\Senegal-Connect\\src\\controllers\\forfaitsController.js": {"path":"C:\\Users\\hp\\Senegal-Connect\\src\\controllers\\forfaitsController.js","statementMap":{"0":{"start":{"line":1,"column":11},"end":{"line":1,"column":34}},"1":{"start":{"line":4,"column":19},"end":{"line":11,"column":4}},"2":{"start":{"line":12,"column":2},"end":{"line":12,"column":23}},"3":{"start":{"line":16,"column":18},"end":{"line":16,"column":78}},"4":{"start":{"line":17,"column":2},"end":{"line":17,"column":36}},"5":{"start":{"line":17,"column":24},"end":{"line":17,"column":36}},"6":{"start":{"line":19,"column":17},"end":{"line":19,"column":36}},"7":{"start":{"line":20,"column":18},"end":{"line":23,"column":3}},"8":{"start":{"line":24,"column":16},"end":{"line":24,"column":90}},"9":{"start":{"line":26,"column":2},"end":{"line":37,"column":4}},"10":{"start":{"line":41,"column":19},"end":{"line":44,"column":3}},"11":{"start":{"line":45,"column":2},"end":{"line":45,"column":26}},"12":{"start":{"line":49,"column":19},"end":{"line":52,"column":3}},"13":{"start":{"line":53,"column":2},"end":{"line":53,"column":26}},"14":{"start":{"line":57,"column":18},"end":{"line":60,"column":3}},"15":{"start":{"line":61,"column":2},"end":{"line":65,"column":3}},"16":{"start":{"line":62,"column":19},"end":{"line":62,"column":95}},"17":{"start":{"line":63,"column":4},"end":{"line":63,"column":28}},"18":{"start":{"line":64,"column":4},"end":{"line":64,"column":17}},"19":{"start":{"line":66,"column":2},"end":{"line":66,"column":61}},"20":{"start":{"line":69,"column":0},"end":{"line":69,"column":64}}},"fnMap":{"0":{"name":"lister","decl":{"start":{"line":3,"column":15},"end":{"line":3,"column":21}},"loc":{"start":{"line":3,"column":24},"end":{"line":13,"column":1}},"line":3},"1":{"name":"detail","decl":{"start":{"line":15,"column":15},"end":{"line":15,"column":21}},"loc":{"start":{"line":15,"column":49},"end":{"line":38,"column":1}},"line":15},"2":{"name":"creer","decl":{"start":{"line":40,"column":15},"end":{"line":40,"column":20}},"loc":{"start":{"line":40,"column":80},"end":{"line":46,"column":1}},"line":40},"3":{"name":"modifier","decl":{"start":{"line":48,"column":15},"end":{"line":48,"column":23}},"loc":{"start":{"line":48,"column":87},"end":{"line":54,"column":1}},"line":48},"4":{"name":"supprimer","decl":{"start":{"line":56,"column":15},"end":{"line":56,"column":24}},"loc":{"start":{"line":56,"column":29},"end":{"line":67,"column":1}},"line":56}},"branchMap":{"0":{"loc":{"start":{"line":15,"column":26},"end":{"line":15,"column":34}},"type":"default-arg","locations":[{"start":{"line":15,"column":33},"end":{"line":15,"column":34}}],"line":15},"1":{"loc":{"start":{"line":15,"column":36},"end":{"line":15,"column":47}},"type":"default-arg","locations":[{"start":{"line":15,"column":45},"end":{"line":15,"column":47}}],"line":15},"2":{"loc":{"start":{"line":17,"column":2},"end":{"line":17,"column":36}},"type":"if","locations":[{"start":{"line":17,"column":2},"end":{"line":17,"column":36}},{"start":{},"end":{}}],"line":17},"3":{"loc":{"start":{"line":61,"column":2},"end":{"line":65,"column":3}},"type":"if","locations":[{"start":{"line":61,"column":2},"end":{"line":65,"column":3}},{"start":{},"end":{}}],"line":61}},"s":{"0":1,"1":1,"2":1,"3":2,"4":2,"5":1,"6":1,"7":1,"8":1,"9":1,"10":1,"11":1,"12":2,"13":2,"14":2,"15":2,"16":1,"17":1,"18":1,"19":1,"20":1},"f":{"0":1,"1":2,"2":1,"3":2,"4":2},"b":{"0":[2],"1":[2],"2":[1,1],"3":[1,1]},"_coverageSchema":"1a1c01bbd47fc00a2c39e90264f33305004495a9","hash":"270133a571b3ec41a12f528627363291897b6729"}
,"C:\\Users\\hp\\Senegal-Connect\\src\\controllers\\statsController.js": {"path":"C:\\Users\\hp\\Senegal-Connect\\src\\controllers\\statsController.js","statementMap":{"0":{"start":{"line":1,"column":11},"end":{"line":1,"column":34}},"1":{"start":{"line":4,"column":19},"end":{"line":14,"column":4}},"2":{"start":{"line":15,"column":2},"end":{"line":15,"column":26}},"3":{"start":{"line":18,"column":0},"end":{"line":18,"column":34}}},"fnMap":{"0":{"name":"obtenirStats","decl":{"start":{"line":3,"column":15},"end":{"line":3,"column":27}},"loc":{"start":{"line":3,"column":30},"end":{"line":16,"column":1}},"line":3}},"branchMap":{},"s":{"0":1,"1":1,"2":1,"3":1},"f":{"0":1},"b":{},"_coverageSchema":"1a1c01bbd47fc00a2c39e90264f33305004495a9","hash":"5d3a188f6afaac6ab1f3d8ab87b70b5279bc3987"}
,"C:\\Users\\hp\\Senegal-Connect\\src\\controllers\\ticketsController.js": {"path":"C:\\Users\\hp\\Senegal-Connect\\src\\controllers\\ticketsController.js","statementMap":{"0":{"start":{"line":1,"column":11},"end":{"line":1,"column":34}},"1":{"start":{"line":4,"column":21},"end":{"line":4,"column":23}},"2":{"start":{"line":5,"column":18},"end":{"line":5,"column":20}},"3":{"start":{"line":7,"column":2},"end":{"line":7,"column":89}},"4":{"start":{"line":7,"column":16},"end":{"line":7,"column":37}},"5":{"start":{"line":7,"column":38},"end":{"line":7,"column":87}},"6":{"start":{"line":8,"column":2},"end":{"line":8,"column":93}},"7":{"start":{"line":8,"column":17},"end":{"line":8,"column":39}},"8":{"start":{"line":8,"column":40},"end":{"line":8,"column":91}},"9":{"start":{"line":10,"column":2},"end":{"line":13,"column":3}},"10":{"start":{"line":11,"column":4},"end":{"line":11,"column":27}},"11":{"start":{"line":12,"column":4},"end":{"line":12,"column":49}},"12":{"start":{"line":18,"column":16},"end":{"line":18,"column":76}},"13":{"start":{"line":19,"column":17},"end":{"line":19,"column":36}},"14":{"start":{"line":21,"column":16},"end":{"line":24,"column":3}},"15":{"start":{"line":29,"column":18},"end":{"line":41,"column":3}},"16":{"start":{"line":43,"column":2},"end":{"line":51,"column":4}},"17":{"start":{"line":57,"column":20},"end":{"line":60,"column":3}},"18":{"start":{"line":62,"column":2},"end":{"line":64,"column":3}},"19":{"start":{"line":63,"column":4},"end":{"line":63,"column":104}},"20":{"start":{"line":66,"column":23},"end":{"line":66,"column":43}},"21":{"start":{"line":69,"column":19},"end":{"line":74,"column":3}},"22":{"start":{"line":76,"column":17},"end":{"line":76,"column":33}},"23":{"start":{"line":79,"column":2},"end":{"line":85,"column":3}},"24":{"start":{"line":80,"column":4},"end":{"line":84,"column":6}},"25":{"start":{"line":87,"column":2},"end":{"line":87,"column":16}},"26":{"start":{"line":91,"column":21},"end":{"line":91,"column":67}},"27":{"start":{"line":92,"column":19},"end":{"line":95,"column":3}},"28":{"start":{"line":96,"column":2},"end":{"line":96,"column":26}},"29":{"start":{"line":102,"column":19},"end":{"line":102,"column":85}},"30":{"start":{"line":103,"column":2},"end":{"line":103,"column":46}},"31":{"start":{"line":103,"column":34},"end":{"line":103,"column":46}},"32":{"start":{"line":104,"column":2},"end":{"line":108,"column":3}},"33":{"start":{"line":105,"column":19},"end":{"line":105,"column":84}},"34":{"start":{"line":106,"column":4},"end":{"line":106,"column":28}},"35":{"start":{"line":107,"column":4},"end":{"line":107,"column":17}},"36":{"start":{"line":110,"column":19},"end":{"line":113,"column":3}},"37":{"start":{"line":114,"column":2},"end":{"line":114,"column":26}},"38":{"start":{"line":123,"column":43},"end":{"line":123,"column":50}},"39":{"start":{"line":124,"column":15},"end":{"line":124,"column":53}},"40":{"start":{"line":125,"column":19},"end":{"line":125,"column":84}},"41":{"start":{"line":126,"column":17},"end":{"line":126,"column":33}},"42":{"start":{"line":128,"column":2},"end":{"line":130,"column":3}},"43":{"start":{"line":129,"column":4},"end":{"line":129,"column":68}},"44":{"start":{"line":132,"column":2},"end":{"line":134,"column":3}},"45":{"start":{"line":133,"column":4},"end":{"line":133,"column":55}},"46":{"start":{"line":136,"column":2},"end":{"line":144,"column":3}},"47":{"start":{"line":137,"column":28},"end":{"line":137,"column":77}},"48":{"start":{"line":138,"column":32},"end":{"line":138,"column":72}},"49":{"start":{"line":139,"column":4},"end":{"line":143,"column":6}},"50":{"start":{"line":146,"column":2},"end":{"line":157,"column":3}},"51":{"start":{"line":147,"column":22},"end":{"line":150,"column":5}},"52":{"start":{"line":151,"column":24},"end":{"line":151,"column":45}},"53":{"start":{"line":152,"column":4},"end":{"line":156,"column":6}},"54":{"start":{"line":159,"column":2},"end":{"line":159,"column":61}},"55":{"start":{"line":163,"column":21},"end":{"line":163,"column":39}},"56":{"start":{"line":164,"column":18},"end":{"line":164,"column":28}},"57":{"start":{"line":165,"column":2},"end":{"line":168,"column":3}},"58":{"start":{"line":166,"column":4},"end":{"line":166,"column":24}},"59":{"start":{"line":167,"column":4},"end":{"line":167,"column":54}},"60":{"start":{"line":169,"column":2},"end":{"line":169,"column":23}},"61":{"start":{"line":171,"column":21},"end":{"line":182,"column":5}},"62":{"start":{"line":183,"column":4},"end":{"line":183,"column":35}},"63":{"start":{"line":187,"column":19},"end":{"line":190,"column":3}},"64":{"start":{"line":191,"column":2},"end":{"line":191,"column":23}},"65":{"start":{"line":195,"column":19},"end":{"line":200,"column":3}},"66":{"start":{"line":201,"column":2},"end":{"line":201,"column":26}},"67":{"start":{"line":204,"column":0},"end":{"line":213,"column":2}}},"fnMap":{"0":{"name":"listerTickets","decl":{"start":{"line":3,"column":15},"end":{"line":3,"column":28}},"loc":{"start":{"line":3,"column":103},"end":{"line":52,"column":1}},"line":3},"1":{"name":"creerTicket","decl":{"start":{"line":55,"column":15},"end":{"line":55,"column":26}},"loc":{"start":{"line":55,"column":61},"end":{"line":88,"column":1}},"line":55},"2":{"name":"changerStatutTicket","decl":{"start":{"line":90,"column":15},"end":{"line":90,"column":34}},"loc":{"start":{"line":90,"column":47},"end":{"line":97,"column":1}},"line":90},"3":{"name":"assignerAgent","decl":{"start":{"line":99,"column":15},"end":{"line":99,"column":28}},"loc":{"start":{"line":99,"column":42},"end":{"line":115,"column":1}},"line":99},"4":{"name":"verifierAccesTicket","decl":{"start":{"line":122,"column":15},"end":{"line":122,"column":34}},"loc":{"start":{"line":122,"column":65},"end":{"line":160,"column":1}},"line":122},"5":{"name":"historiqueMessages","decl":{"start":{"line":162,"column":15},"end":{"line":162,"column":33}},"loc":{"start":{"line":162,"column":64},"end":{"line":184,"column":1}},"line":162},"6":{"name":"historiqueAppels","decl":{"start":{"line":186,"column":15},"end":{"line":186,"column":31}},"loc":{"start":{"line":186,"column":42},"end":{"line":192,"column":1}},"line":186},"7":{"name":"creerMessage","decl":{"start":{"line":194,"column":15},"end":{"line":194,"column":27}},"loc":{"start":{"line":194,"column":65},"end":{"line":202,"column":1}},"line":194}},"branchMap":{"0":{"loc":{"start":{"line":3,"column":58},"end":{"line":3,"column":66}},"type":"default-arg","locations":[{"start":{"line":3,"column":65},"end":{"line":3,"column":66}}],"line":3},"1":{"loc":{"start":{"line":3,"column":68},"end":{"line":3,"column":79}},"type":"default-arg","locations":[{"start":{"line":3,"column":77},"end":{"line":3,"column":79}}],"line":3},"2":{"loc":{"start":{"line":7,"column":2},"end":{"line":7,"column":89}},"type":"if","locations":[{"start":{"line":7,"column":2},"end":{"line":7,"column":89}},{"start":{},"end":{}}],"line":7},"3":{"loc":{"start":{"line":8,"column":2},"end":{"line":8,"column":93}},"type":"if","locations":[{"start":{"line":8,"column":2},"end":{"line":8,"column":93}},{"start":{},"end":{}}],"line":8},"4":{"loc":{"start":{"line":10,"column":2},"end":{"line":13,"column":3}},"type":"if","locations":[{"start":{"line":10,"column":2},"end":{"line":13,"column":3}},{"start":{},"end":{}}],"line":10},"5":{"loc":{"start":{"line":18,"column":16},"end":{"line":18,"column":76}},"type":"cond-expr","locations":[{"start":{"line":18,"column":36},"end":{"line":18,"column":71}},{"start":{"line":18,"column":74},"end":{"line":18,"column":76}}],"line":18},"6":{"loc":{"start":{"line":62,"column":2},"end":{"line":64,"column":3}},"type":"if","locations":[{"start":{"line":62,"column":2},"end":{"line":64,"column":3}},{"start":{},"end":{}}],"line":62},"7":{"loc":{"start":{"line":79,"column":2},"end":{"line":85,"column":3}},"type":"if","locations":[{"start":{"line":79,"column":2},"end":{"line":85,"column":3}},{"start":{},"end":{}}],"line":79},"8":{"loc":{"start":{"line":79,"column":6},"end":{"line":79,"column":46}},"type":"binary-expr","locations":[{"start":{"line":79,"column":6},"end":{"line":79,"column":17}},{"start":{"line":79,"column":21},"end":{"line":79,"column":46}}],"line":79},"9":{"loc":{"start":{"line":91,"column":21},"end":{"line":91,"column":67}},"type":"cond-expr","locations":[{"start":{"line":91,"column":42},"end":{"line":91,"column":62}},{"start":{"line":91,"column":65},"end":{"line":91,"column":67}}],"line":91},"10":{"loc":{"start":{"line":103,"column":2},"end":{"line":103,"column":46}},"type":"if","locations":[{"start":{"line":103,"column":2},"end":{"line":103,"column":46}},{"start":{},"end":{}}],"line":103},"11":{"loc":{"start":{"line":104,"column":2},"end":{"line":108,"column":3}},"type":"if","locations":[{"start":{"line":104,"column":2},"end":{"line":108,"column":3}},{"start":{},"end":{}}],"line":104},"12":{"loc":{"start":{"line":104,"column":6},"end":{"line":104,"column":72}},"type":"binary-expr","locations":[{"start":{"line":104,"column":6},"end":{"line":104,"column":31}},{"start":{"line":104,"column":35},"end":{"line":104,"column":72}}],"line":104},"13":{"loc":{"start":{"line":122,"column":51},"end":{"line":122,"column":63}},"type":"default-arg","locations":[{"start":{"line":122,"column":61},"end":{"line":122,"column":63}}],"line":122},"14":{"loc":{"start":{"line":123,"column":10},"end":{"line":123,"column":38}},"type":"default-arg","locations":[{"start":{"line":123,"column":33},"end":{"line":123,"column":38}}],"line":123},"15":{"loc":{"start":{"line":124,"column":22},"end":{"line":124,"column":38}},"type":"binary-expr","locations":[{"start":{"line":124,"column":22},"end":{"line":124,"column":32}},{"start":{"line":124,"column":36},"end":{"line":124,"column":38}}],"line":124},"16":{"loc":{"start":{"line":128,"column":2},"end":{"line":130,"column":3}},"type":"if","locations":[{"start":{"line":128,"column":2},"end":{"line":130,"column":3}},{"start":{},"end":{}}],"line":128},"17":{"loc":{"start":{"line":132,"column":2},"end":{"line":134,"column":3}},"type":"if","locations":[{"start":{"line":132,"column":2},"end":{"line":134,"column":3}},{"start":{},"end":{}}],"line":132},"18":{"loc":{"start":{"line":136,"column":2},"end":{"line":144,"column":3}},"type":"if","locations":[{"start":{"line":136,"column":2},"end":{"line":144,"column":3}},{"start":{},"end":{}}],"line":136},"19":{"loc":{"start":{"line":137,"column":35},"end":{"line":137,"column":56}},"type":"binary-expr","locations":[{"start":{"line":137,"column":35},"end":{"line":137,"column":50}},{"start":{"line":137,"column":54},"end":{"line":137,"column":56}}],"line":137},"20":{"loc":{"start":{"line":138,"column":32},"end":{"line":138,"column":72}},"type":"binary-expr","locations":[{"start":{"line":138,"column":32},"end":{"line":138,"column":52}},{"start":{"line":138,"column":56},"end":{"line":138,"column":72}}],"line":138},"21":{"loc":{"start":{"line":141,"column":16},"end":{"line":141,"column":54}},"type":"binary-expr","locations":[{"start":{"line":141,"column":16},"end":{"line":141,"column":31}},{"start":{"line":141,"column":35},"end":{"line":141,"column":54}}],"line":141},"22":{"loc":{"start":{"line":142,"column":14},"end":{"line":142,"column":113}},"type":"cond-expr","locations":[{"start":{"line":142,"column":32},"end":{"line":142,"column":47}},{"start":{"line":142,"column":50},"end":{"line":142,"column":113}}],"line":142},"23":{"loc":{"start":{"line":142,"column":50},"end":{"line":142,"column":113}},"type":"cond-expr","locations":[{"start":{"line":142,"column":72},"end":{"line":142,"column":91}},{"start":{"line":142,"column":94},"end":{"line":142,"column":113}}],"line":142},"24":{"loc":{"start":{"line":146,"column":2},"end":{"line":157,"column":3}},"type":"if","locations":[{"start":{"line":146,"column":2},"end":{"line":157,"column":3}},{"start":{},"end":{}}],"line":146},"25":{"loc":{"start":{"line":154,"column":23},"end":{"line":154,"column":40}},"type":"binary-expr","locations":[{"start":{"line":154,"column":23},"end":{"line":154,"column":34}},{"start":{"line":154,"column":38},"end":{"line":154,"column":40}}],"line":154},"26":{"loc":{"start":{"line":154,"column":53},"end":{"line":154,"column":75}},"type":"binary-expr","locations":[{"start":{"line":154,"column":53},"end":{"line":154,"column":69}},{"start":{"line":154,"column":73},"end":{"line":154,"column":75}}],"line":154},"27":{"loc":{"start":{"line":155,"column":14},"end":{"line":155,"column":115}},"type":"cond-expr","locations":[{"start":{"line":155,"column":77},"end":{"line":155,"column":98}},{"start":{"line":155,"column":101},"end":{"line":155,"column":115}}],"line":155},"28":{"loc":{"start":{"line":155,"column":21},"end":{"line":155,"column":38}},"type":"binary-expr","locations":[{"start":{"line":155,"column":21},"end":{"line":155,"column":32}},{"start":{"line":155,"column":36},"end":{"line":155,"column":38}}],"line":155},"29":{"loc":{"start":{"line":155,"column":51},"end":{"line":155,"column":73}},"type":"binary-expr","locations":[{"start":{"line":155,"column":51},"end":{"line":155,"column":67}},{"start":{"line":155,"column":71},"end":{"line":155,"column":73}}],"line":155},"30":{"loc":{"start":{"line":162,"column":51},"end":{"line":162,"column":62}},"type":"default-arg","locations":[{"start":{"line":162,"column":60},"end":{"line":162,"column":62}}],"line":162},"31":{"loc":{"start":{"line":165,"column":2},"end":{"line":168,"column":3}},"type":"if","locations":[{"start":{"line":165,"column":2},"end":{"line":168,"column":3}},{"start":{},"end":{}}],"line":165}},"s":{"0":1,"1":1,"2":1,"3":1,"4":0,"5":0,"6":1,"7":0,"8":0,"9":1,"10":0,"11":0,"12":1,"13":1,"14":1,"15":1,"16":1,"17":1,"18":1,"19":0,"20":1,"21":1,"22":1,"23":1,"24":0,"25":1,"26":1,"27":1,"28":1,"29":2,"30":2,"31":0,"32":2,"33":1,"34":1,"35":1,"36":1,"37":1,"38":24,"39":24,"40":24,"41":24,"42":24,"43":2,"44":22,"45":5,"46":17,"47":13,"48":13,"49":13,"50":4,"51":4,"52":4,"53":4,"54":0,"55":2,"56":2,"57":2,"58":1,"59":1,"60":2,"61":2,"62":2,"63":2,"64":2,"65":1,"66":1,"67":1},"f":{"0":1,"1":1,"2":1,"3":2,"4":24,"5":2,"6":2,"7":1},"b":{"0":[1],"1":[1],"2":[0,1],"3":[0,1],"4":[0,1],"5":[0,1],"6":[0,1],"7":[0,1],"8":[1,0],"9":[1,0],"10":[0,2],"11":[1,1],"12":[2,1],"13":[10],"14":[16],"15":[24,0],"16":[2,22],"17":[5,17],"18":[13,4],"19":[13,3],"20":[13,6],"21":[13,4],"22":[9,4],"23":[3,1],"24":[4,0],"25":[4,0],"26":[4,0],"27":[3,1],"28":[4,0],"29":[4,0],"30":[2],"31":[1,1]},"_coverageSchema":"1a1c01bbd47fc00a2c39e90264f33305004495a9","hash":"de85d8b9ad0aef763cbeed2a00fabd0ba4a72194"}
,"C:\\Users\\hp\\Senegal-Connect\\src\\controllers\\utilisateursController.js": {"path":"C:\\Users\\hp\\Senegal-Connect\\src\\controllers\\utilisateursController.js","statementMap":{"0":{"start":{"line":1,"column":18},"end":{"line":1,"column":41}},"1":{"start":{"line":6,"column":2},"end":{"line":40,"column":3}},"2":{"start":{"line":7,"column":21},"end":{"line":7,"column":30}},"3":{"start":{"line":8,"column":23},"end":{"line":8,"column":52}},"4":{"start":{"line":9,"column":20},"end":{"line":9,"column":22}},"5":{"start":{"line":11,"column":4},"end":{"line":14,"column":5}},"6":{"start":{"line":12,"column":6},"end":{"line":12,"column":25}},"7":{"start":{"line":13,"column":6},"end":{"line":13,"column":51}},"8":{"start":{"line":16,"column":21},"end":{"line":22,"column":5}},"9":{"start":{"line":26,"column":19},"end":{"line":30,"column":5}},"10":{"start":{"line":31,"column":27},"end":{"line":33,"column":5}},"11":{"start":{"line":32,"column":29},"end":{"line":32,"column":75}},"12":{"start":{"line":35,"column":4},"end":{"line":37,"column":7}},"13":{"start":{"line":36,"column":38},"end":{"line":36,"column":91}},"14":{"start":{"line":39,"column":4},"end":{"line":39,"column":14}},"15":{"start":{"line":47,"column":2},"end":{"line":63,"column":3}},"16":{"start":{"line":48,"column":19},"end":{"line":48,"column":29}},"17":{"start":{"line":50,"column":18},"end":{"line":50,"column":82}},"18":{"start":{"line":51,"column":4},"end":{"line":51,"column":101}},"19":{"start":{"line":51,"column":33},"end":{"line":51,"column":101}},"20":{"start":{"line":52,"column":4},"end":{"line":54,"column":5}},"21":{"start":{"line":53,"column":6},"end":{"line":53,"column":110}},"22":{"start":{"line":55,"column":4},"end":{"line":57,"column":5}},"23":{"start":{"line":56,"column":6},"end":{"line":56,"column":99}},"24":{"start":{"line":59,"column":4},"end":{"line":59,"column":64}},"25":{"start":{"line":60,"column":4},"end":{"line":60,"column":27}},"26":{"start":{"line":62,"column":4},"end":{"line":62,"column":14}},"27":{"start":{"line":66,"column":0},"end":{"line":66,"column":39}}},"fnMap":{"0":{"name":"lister","decl":{"start":{"line":5,"column":15},"end":{"line":5,"column":21}},"loc":{"start":{"line":5,"column":38},"end":{"line":41,"column":1}},"line":5},"1":{"name":"(anonymous_1)","decl":{"start":{"line":32,"column":22},"end":{"line":32,"column":23}},"loc":{"start":{"line":32,"column":29},"end":{"line":32,"column":75}},"line":32},"2":{"name":"(anonymous_2)","decl":{"start":{"line":36,"column":30},"end":{"line":36,"column":31}},"loc":{"start":{"line":36,"column":38},"end":{"line":36,"column":91}},"line":36},"3":{"name":"supprimer","decl":{"start":{"line":46,"column":15},"end":{"line":46,"column":24}},"loc":{"start":{"line":46,"column":41},"end":{"line":64,"column":1}},"line":46}},"branchMap":{"0":{"loc":{"start":{"line":11,"column":4},"end":{"line":14,"column":5}},"type":"if","locations":[{"start":{"line":11,"column":4},"end":{"line":14,"column":5}},{"start":{},"end":{}}],"line":11},"1":{"loc":{"start":{"line":11,"column":8},"end":{"line":11,"column":49}},"type":"binary-expr","locations":[{"start":{"line":11,"column":8},"end":{"line":11,"column":12}},{"start":{"line":11,"column":16},"end":{"line":11,"column":49}}],"line":11},"2":{"loc":{"start":{"line":36,"column":64},"end":{"line":36,"column":89}},"type":"binary-expr","locations":[{"start":{"line":36,"column":64},"end":{"line":36,"column":84}},{"start":{"line":36,"column":88},"end":{"line":36,"column":89}}],"line":36},"3":{"loc":{"start":{"line":51,"column":4},"end":{"line":51,"column":101}},"type":"if","locations":[{"start":{"line":51,"column":4},"end":{"line":51,"column":101}},{"start":{},"end":{}}],"line":51},"4":{"loc":{"start":{"line":52,"column":4},"end":{"line":54,"column":5}},"type":"if","locations":[{"start":{"line":52,"column":4},"end":{"line":54,"column":5}},{"start":{},"end":{}}],"line":52},"5":{"loc":{"start":{"line":55,"column":4},"end":{"line":57,"column":5}},"type":"if","locations":[{"start":{"line":55,"column":4},"end":{"line":57,"column":5}},{"start":{},"end":{}}],"line":55}},"s":{"0":1,"1":1,"2":1,"3":1,"4":1,"5":1,"6":1,"7":1,"8":1,"9":1,"10":1,"11":1,"12":1,"13":1,"14":0,"15":2,"16":2,"17":2,"18":2,"19":0,"20":2,"21":0,"22":2,"23":1,"24":1,"25":1,"26":0,"27":1},"f":{"0":1,"1":1,"2":1,"3":2},"b":{"0":[1,0],"1":[1,1],"2":[1,0],"3":[0,2],"4":[0,2],"5":[1,1]},"_coverageSchema":"1a1c01bbd47fc00a2c39e90264f33305004495a9","hash":"1d0e90bfaf38cabf0e04af954905f3ac1c2d0507"}
,"C:\\Users\\hp\\Senegal-Connect\\src\\middleware\\auth.js": {"path":"C:\\Users\\hp\\Senegal-Connect\\src\\middleware\\auth.js","statementMap":{"0":{"start":{"line":1,"column":12},"end":{"line":1,"column":35}},"1":{"start":{"line":4,"column":17},"end":{"line":4,"column":42}},"2":{"start":{"line":5,"column":2},"end":{"line":5,"column":74}},"3":{"start":{"line":5,"column":15},"end":{"line":5,"column":74}},"4":{"start":{"line":7,"column":16},"end":{"line":7,"column":36}},"5":{"start":{"line":8,"column":2},"end":{"line":8,"column":73}},"6":{"start":{"line":8,"column":14},"end":{"line":8,"column":73}},"7":{"start":{"line":10,"column":2},"end":{"line":21,"column":3}},"8":{"start":{"line":11,"column":4},"end":{"line":11,"column":57}},"9":{"start":{"line":12,"column":4},"end":{"line":14,"column":5}},"10":{"start":{"line":13,"column":6},"end":{"line":13,"column":58}},"11":{"start":{"line":15,"column":4},"end":{"line":15,"column":11}},"12":{"start":{"line":17,"column":4},"end":{"line":19,"column":5}},"13":{"start":{"line":18,"column":6},"end":{"line":18,"column":91}},"14":{"start":{"line":20,"column":4},"end":{"line":20,"column":63}},"15":{"start":{"line":25,"column":2},"end":{"line":30,"column":4}},"16":{"start":{"line":26,"column":4},"end":{"line":28,"column":5}},"17":{"start":{"line":27,"column":6},"end":{"line":27,"column":85}},"18":{"start":{"line":29,"column":4},"end":{"line":29,"column":11}},"19":{"start":{"line":33,"column":0},"end":{"line":33,"column":45}}},"fnMap":{"0":{"name":"verifierJWT","decl":{"start":{"line":3,"column":9},"end":{"line":3,"column":20}},"loc":{"start":{"line":3,"column":37},"end":{"line":22,"column":1}},"line":3},"1":{"name":"garderRole","decl":{"start":{"line":24,"column":9},"end":{"line":24,"column":19}},"loc":{"start":{"line":24,"column":39},"end":{"line":31,"column":1}},"line":24},"2":{"name":"(anonymous_2)","decl":{"start":{"line":25,"column":9},"end":{"line":25,"column":10}},"loc":{"start":{"line":25,"column":29},"end":{"line":30,"column":3}},"line":25}},"branchMap":{"0":{"loc":{"start":{"line":5,"column":2},"end":{"line":5,"column":74}},"type":"if","locations":[{"start":{"line":5,"column":2},"end":{"line":5,"column":74}},{"start":{},"end":{}}],"line":5},"1":{"loc":{"start":{"line":8,"column":2},"end":{"line":8,"column":73}},"type":"if","locations":[{"start":{"line":8,"column":2},"end":{"line":8,"column":73}},{"start":{},"end":{}}],"line":8},"2":{"loc":{"start":{"line":12,"column":4},"end":{"line":14,"column":5}},"type":"if","locations":[{"start":{"line":12,"column":4},"end":{"line":14,"column":5}},{"start":{},"end":{}}],"line":12},"3":{"loc":{"start":{"line":12,"column":8},"end":{"line":12,"column":33}},"type":"binary-expr","locations":[{"start":{"line":12,"column":8},"end":{"line":12,"column":16}},{"start":{"line":12,"column":20},"end":{"line":12,"column":33}}],"line":12},"4":{"loc":{"start":{"line":17,"column":4},"end":{"line":19,"column":5}},"type":"if","locations":[{"start":{"line":17,"column":4},"end":{"line":19,"column":5}},{"start":{},"end":{}}],"line":17},"5":{"loc":{"start":{"line":26,"column":4},"end":{"line":28,"column":5}},"type":"if","locations":[{"start":{"line":26,"column":4},"end":{"line":28,"column":5}},{"start":{},"end":{}}],"line":26},"6":{"loc":{"start":{"line":26,"column":8},"end":{"line":26,"column":60}},"type":"binary-expr","locations":[{"start":{"line":26,"column":8},"end":{"line":26,"column":17}},{"start":{"line":26,"column":21},"end":{"line":26,"column":60}}],"line":26}},"s":{"0":1,"1":79,"2":79,"3":2,"4":77,"5":77,"6":0,"7":77,"8":77,"9":76,"10":76,"11":76,"12":1,"13":1,"14":0,"15":16,"16":38,"17":6,"18":32,"19":1},"f":{"0":79,"1":16,"2":38},"b":{"0":[2,77],"1":[0,77],"2":[76,0],"3":[76,76],"4":[1,0],"5":[6,32],"6":[38,38]},"_coverageSchema":"1a1c01bbd47fc00a2c39e90264f33305004495a9","hash":"adf5676271fe9ba98a7078e044bff6277274894b"}
,"C:\\Users\\hp\\Senegal-Connect\\src\\middleware\\erreurs.js": {"path":"C:\\Users\\hp\\Senegal-Connect\\src\\middleware\\erreurs.js","statementMap":{"0":{"start":{"line":1,"column":15},"end":{"line":1,"column":42}},"1":{"start":{"line":4,"column":2},"end":{"line":4,"column":68}},"2":{"start":{"line":6,"column":2},"end":{"line":9,"column":3}},"3":{"start":{"line":7,"column":18},"end":{"line":7,"column":77}},"4":{"start":{"line":8,"column":4},"end":{"line":8,"column":88}},"5":{"start":{"line":11,"column":2},"end":{"line":13,"column":3}},"6":{"start":{"line":12,"column":4},"end":{"line":12,"column":100}},"7":{"start":{"line":15,"column":2},"end":{"line":17,"column":3}},"8":{"start":{"line":16,"column":4},"end":{"line":16,"column":65}},"9":{"start":{"line":19,"column":18},"end":{"line":19,"column":79}},"10":{"start":{"line":20,"column":2},"end":{"line":20,"column":81}},"11":{"start":{"line":24,"column":2},"end":{"line":24,"column":89}},"12":{"start":{"line":27,"column":0},"end":{"line":27,"column":58}}},"fnMap":{"0":{"name":"gestionnaireErreurs","decl":{"start":{"line":3,"column":9},"end":{"line":3,"column":28}},"loc":{"start":{"line":3,"column":50},"end":{"line":21,"column":1}},"line":3},"1":{"name":"gestionnaire404","decl":{"start":{"line":23,"column":9},"end":{"line":23,"column":24}},"loc":{"start":{"line":23,"column":35},"end":{"line":25,"column":1}},"line":23}},"branchMap":{"0":{"loc":{"start":{"line":6,"column":2},"end":{"line":9,"column":3}},"type":"if","locations":[{"start":{"line":6,"column":2},"end":{"line":9,"column":3}},{"start":{},"end":{}}],"line":6},"1":{"loc":{"start":{"line":7,"column":18},"end":{"line":7,"column":77}},"type":"cond-expr","locations":[{"start":{"line":7,"column":31},"end":{"line":7,"column":67}},{"start":{"line":7,"column":70},"end":{"line":7,"column":77}}],"line":7},"2":{"loc":{"start":{"line":11,"column":2},"end":{"line":13,"column":3}},"type":"if","locations":[{"start":{"line":11,"column":2},"end":{"line":13,"column":3}},{"start":{},"end":{}}],"line":11},"3":{"loc":{"start":{"line":15,"column":2},"end":{"line":17,"column":3}},"type":"if","locations":[{"start":{"line":15,"column":2},"end":{"line":17,"column":3}},{"start":{},"end":{}}],"line":15},"4":{"loc":{"start":{"line":19,"column":18},"end":{"line":19,"column":79}},"type":"cond-expr","locations":[{"start":{"line":19,"column":58},"end":{"line":19,"column":67}},{"start":{"line":19,"column":70},"end":{"line":19,"column":79}}],"line":19}},"s":{"0":1,"1":4,"2":4,"3":1,"4":1,"5":3,"6":1,"7":2,"8":0,"9":2,"10":2,"11":1,"12":1},"f":{"0":4,"1":1},"b":{"0":[1,3],"1":[0,1],"2":[1,2],"3":[0,2],"4":[0,2]},"_coverageSchema":"1a1c01bbd47fc00a2c39e90264f33305004495a9","hash":"f45c75c7b2097dc3ceeca1ae928e804d7a2219a6"}
,"C:\\Users\\hp\\Senegal-Connect\\src\\middleware\\upload.js": {"path":"C:\\Users\\hp\\Senegal-Connect\\src\\middleware\\upload.js","statementMap":{"0":{"start":{"line":1,"column":15},"end":{"line":1,"column":32}},"1":{"start":{"line":2,"column":13},"end":{"line":2,"column":28}},"2":{"start":{"line":3,"column":31},"end":{"line":3,"column":48}},"3":{"start":{"line":5,"column":24},"end":{"line":5,"column":110}},"4":{"start":{"line":7,"column":17},"end":{"line":10,"column":2}},"5":{"start":{"line":8,"column":34},"end":{"line":8,"column":54}},"6":{"start":{"line":9,"column":31},"end":{"line":9,"column":88}},"7":{"start":{"line":15,"column":26},"end":{"line":15,"column":85}},"8":{"start":{"line":17,"column":15},"end":{"line":26,"column":2}},"9":{"start":{"line":21,"column":4},"end":{"line":23,"column":5}},"10":{"start":{"line":22,"column":6},"end":{"line":22,"column":59}},"11":{"start":{"line":24,"column":4},"end":{"line":24,"column":19}},"12":{"start":{"line":29,"column":2},"end":{"line":29,"column":52}},"13":{"start":{"line":29,"column":37},"end":{"line":29,"column":52}},"14":{"start":{"line":30,"column":2},"end":{"line":30,"column":52}},"15":{"start":{"line":30,"column":37},"end":{"line":30,"column":52}},"16":{"start":{"line":31,"column":2},"end":{"line":31,"column":19}},"17":{"start":{"line":34,"column":0},"end":{"line":34,"column":44}}},"fnMap":{"0":{"name":"(anonymous_0)","decl":{"start":{"line":8,"column":15},"end":{"line":8,"column":16}},"loc":{"start":{"line":8,"column":34},"end":{"line":8,"column":54}},"line":8},"1":{"name":"(anonymous_1)","decl":{"start":{"line":9,"column":12},"end":{"line":9,"column":13}},"loc":{"start":{"line":9,"column":31},"end":{"line":9,"column":88}},"line":9},"2":{"name":"(anonymous_2)","decl":{"start":{"line":20,"column":14},"end":{"line":20,"column":15}},"loc":{"start":{"line":20,"column":33},"end":{"line":25,"column":3}},"line":20},"3":{"name":"typeDepuisMime","decl":{"start":{"line":28,"column":9},"end":{"line":28,"column":23}},"loc":{"start":{"line":28,"column":34},"end":{"line":32,"column":1}},"line":28}},"branchMap":{"0":{"loc":{"start":{"line":15,"column":26},"end":{"line":15,"column":85}},"type":"binary-expr","locations":[{"start":{"line":15,"column":26},"end":{"line":15,"column":65}},{"start":{"line":15,"column":69},"end":{"line":15,"column":85}}],"line":15},"1":{"loc":{"start":{"line":21,"column":4},"end":{"line":23,"column":5}},"type":"if","locations":[{"start":{"line":21,"column":4},"end":{"line":23,"column":5}},{"start":{},"end":{}}],"line":21},"2":{"loc":{"start":{"line":29,"column":2},"end":{"line":29,"column":52}},"type":"if","locations":[{"start":{"line":29,"column":2},"end":{"line":29,"column":52}},{"start":{},"end":{}}],"line":29},"3":{"loc":{"start":{"line":30,"column":2},"end":{"line":30,"column":52}},"type":"if","locations":[{"start":{"line":30,"column":2},"end":{"line":30,"column":52}},{"start":{},"end":{}}],"line":30}},"s":{"0":1,"1":1,"2":1,"3":1,"4":1,"5":0,"6":0,"7":1,"8":1,"9":0,"10":0,"11":0,"12":0,"13":0,"14":0,"15":0,"16":0,"17":1},"f":{"0":0,"1":0,"2":0,"3":0},"b":{"0":[1,0],"1":[0,0],"2":[0,0],"3":[0,0]},"_coverageSchema":"1a1c01bbd47fc00a2c39e90264f33305004495a9","hash":"527db5da017caba9ed515b5fa3d18f35c3b3e53f"}
[...]
15,"column":10},"end":{"line":315,"column":90}},"138":{"start":{"line":318,"column":8},"end":{"line":324,"column":10}},"139":{"start":{"line":325,"column":24},"end":{"line":325,"column":75}},"140":{"start":{"line":326,"column":8},"end":{"line":326,"column":90}},"141":{"start":{"line":327,"column":8},"end":{"line":327,"column":68}},"142":{"start":{"line":329,"column":8},"end":{"line":329,"column":75}},"143":{"start":{"line":330,"column":8},"end":{"line":330,"column":88}},"144":{"start":{"line":334,"column":4},"end":{"line":352,"column":7}},"145":{"start":{"line":335,"column":6},"end":{"line":351,"column":7}},"146":{"start":{"line":336,"column":22},"end":{"line":336,"column":65}},"147":{"start":{"line":337,"column":8},"end":{"line":337,"column":55}},"148":{"start":{"line":337,"column":48},"end":{"line":337,"column":55}},"149":{"start":{"line":339,"column":20},"end":{"line":339,"column":60}},"150":{"start":{"line":340,"column":8},"end":{"line":340,"column":64}},"151":{"start":{"line":342,"column":20},"end":{"line":342,"column":44}},"152":{"start":{"line":343,"column":8},"end":{"line":343,"column":47}},"153":{"start":{"line":344,"column":25},"end":{"line":347,"column":16}},"154":{"start":{"line":345,"column":10},"end":{"line":345,"column":70}},"155":{"start":{"line":346,"column":10},"end":{"line":346,"column":38}},"156":{"start":{"line":348,"column":8},"end":{"line":348,"column":43}},"157":{"start":{"line":350,"column":8},"end":{"line":350,"column":80}},"158":{"start":{"line":354,"column":4},"end":{"line":403,"column":7}},"159":{"start":{"line":355,"column":6},"end":{"line":402,"column":7}},"160":{"start":{"line":356,"column":22},"end":{"line":356,"column":65}},"161":{"start":{"line":357,"column":8},"end":{"line":357,"column":27}},"162":{"start":{"line":357,"column":20},"end":{"line":357,"column":27}},"163":{"start":{"line":358,"column":8},"end":{"line":360,"column":9}},"164":{"start":{"line":359,"column":10},"end":{"line":359,"column":75}},"165":{"start":{"line":361,"column":8},"end":{"line":363,"column":9}},"166":{"start":{"line":362,"column":10},"end":{"line":362,"column":73}},"167":{"start":{"line":365,"column":27},"end":{"line":368,"column":9}},"168":{"start":{"line":369,"column":8},"end":{"line":371,"column":9}},"169":{"start":{"line":370,"column":10},"end":{"line":370,"column":90}},"170":{"start":{"line":373,"column":25},"end":{"line":373,"column":37}},"171":{"start":{"line":374,"column":23},"end":{"line":377,"column":9}},"172":{"start":{"line":378,"column":8},"end":{"line":388,"column":9}},"173":{"start":{"line":379,"column":10},"end":{"line":382,"column":12}},"174":{"start":{"line":384,"column":10},"end":{"line":387,"column":12}},"175":{"start":{"line":390,"column":25},"end":{"line":394,"column":9}},"176":{"start":{"line":395,"column":8},"end":{"line":398,"column":11}},"177":{"start":{"line":400,"column":8},"end":{"line":400,"column":77}},"178":{"start":{"line":401,"column":8},"end":{"line":401,"column":81}},"179":{"start":{"line":405,"column":4},"end":{"line":407,"column":7}},"180":{"start":{"line":406,"column":6},"end":{"line":406,"column":64}}},"fnMap":{"0":{"name":"escapeHtml","decl":{"start":{"line":6,"column":9},"end":{"line":6,"column":19}},"loc":{"start":{"line":6,"column":27},"end":{"line":10,"column":1}},"line":6},"1":{"name":"(anonymous_1)","decl":{"start":{"line":7,"column":35},"end":{"line":7,"column":36}},"loc":{"start":{"line":7,"column":43},"end":{"line":9,"column":6}},"line":7},"2":{"name":"verifierAccesSocket","decl":{"start":{"line":14,"column":15},"end":{"line":14,"column":34}},"loc":{"start":{"line":14,"column":67},"end":{"line":30,"column":1}},"line":14},"3":{"name":"statutTicketFerme","decl":{"start":{"line":32,"column":9},"end":{"line":32,"column":26}},"loc":{"start":{"line":32,"column":34},"end":{"line":37,"column":1}},"line":32},"4":{"name":"initSupport","decl":{"start":{"line":39,"column":26},"end":{"line":39,"column":37}},"loc":{"start":{"line":39,"column":42},"end":{"line":409,"column":1}},"line":39},"5":{"name":"(anonymous_5)","decl":{"start":{"line":40,"column":9},"end":{"line":40,"column":10}},"loc":{"start":{"line":40,"column":27},"end":{"line":50,"column":3}},"line":40},"6":{"name":"(anonymous_6)","decl":{"start":{"line":52,"column":22},"end":{"line":52,"column":23}},"loc":{"start":{"line":52,"column":34},"end":{"line":408,"column":3}},"line":52},"7":{"name":"(anonymous_7)","decl":{"start":{"line":58,"column":31},"end":{"line":58,"column":32}},"loc":{"start":{"line":58,"column":57},"end":{"line":100,"column":5}},"line":58},"8":{"name":"(anonymous_8)","decl":{"start":{"line":102,"column":33},"end":{"line":102,"column":34}},"loc":{"start":{"line":102,"column":62},"end":{"line":166,"column":5}},"line":102},"9":{"name":"(anonymous_9)","decl":{"start":{"line":172,"column":34},"end":{"line":172,"column":35}},"loc":{"start":{"line":172,"column":63},"end":{"line":213,"column":5}},"line":172},"10":{"name":"(anonymous_10)","decl":{"start":{"line":193,"column":43},"end":{"line":193,"column":44}},"loc":{"start":{"line":193,"column":48},"end":{"line":193,"column":60}},"line":193},"11":{"name":"(anonymous_11)","decl":{"start":{"line":199,"column":32},"end":{"line":199,"column":33}},"loc":{"start":{"line":199,"column":41},"end":{"line":202,"column":13}},"line":199},"12":{"name":"(anonymous_12)","decl":{"start":{"line":204,"column":24},"end":{"line":204,"column":25}},"loc":{"start":{"line":204,"column":33},"end":{"line":204,"column":141}},"line":204},"13":{"name":"(anonymous_13)","decl":{"start":{"line":215,"column":31},"end":{"line":215,"column":32}},"loc":{"start":{"line":215,"column":60},"end":{"line":241,"column":5}},"line":215},"14":{"name":"(anonymous_14)","decl":{"start":{"line":243,"column":33},"end":{"line":243,"column":34}},"loc":{"start":{"line":243,"column":87},"end":{"line":302,"column":5}},"line":243},"15":{"name":"(anonymous_15)","decl":{"start":{"line":304,"column":28},"end":{"line":304,"column":29}},"loc":{"start":{"line":304,"column":68},"end":{"line":332,"column":5}},"line":304},"16":{"name":"(anonymous_16)","decl":{"start":{"line":334,"column":24},"end":{"line":334,"column":25}},"loc":{"start":{"line":334,"column":53},"end":{"line":352,"column":5}},"line":334},"17":{"name":"(anonymous_17)","decl":{"start":{"line":344,"column":36},"end":{"line":344,"column":37}},"loc":{"start":{"line":344,"column":42},"end":{"line":347,"column":9}},"line":344},"18":{"name":"(anonymous_18)","decl":{"start":{"line":354,"column":33},"end":{"line":354,"column":34}},"loc":{"start":{"line":354,"column":80},"end":{"line":403,"column":5}},"line":354},"19":{"name":"(anonymous_19)","decl":{"start":{"line":405,"column":28},"end":{"line":405,"column":29}},"loc":{"start":{"line":405,"column":34},"end":{"line":407,"column":5}},"line":405}},"branchMap":{"0":{"loc":{"start":{"line":14,"column":53},"end":{"line":14,"column":65}},"type":"default-arg","locations":[{"start":{"line":14,"column":63},"end":{"line":14,"column":65}}],"line":14},"1":{"loc":{"start":{"line":15,"column":2},"end":{"line":18,"column":3}},"type":"if","locations":[{"start":{"line":15,"column":2},"end":{"line":18,"column":3}},{"start":{},"end":{}}],"line":15},"2":{"loc":{"start":{"line":21,"column":2},"end":{"line":24,"column":3}},"type":"if","locations":[{"start":{"line":21,"column":2},"end":{"line":24,"column":3}},{"start":{},"end":{}}],"line":21},"3":{"loc":{"start":{"line":25,"column":2},"end":{"line":28,"column":3}},"type":"if","locations":[{"start":{"line":25,"column":2},"end":{"line":28,"column":3}},{"start":{},"end":{}}],"line":25},"4":{"loc":{"start":{"line":33,"column":2},"end":{"line":35,"column":3}},"type":"if","locations":[{"start":{"line":33,"column":2},"end":{"line":35,"column":3}},{"start":{},"end":{}}],"line":33},"5":{"loc":{"start":{"line":43,"column":6},"end":{"line":45,"column":7}},"type":"if","locations":[{"start":{"line":43,"column":6},"end":{"line":45,"column":7}},{"start":{},"end":{}}],"line":43},"6":{"loc":{"start":{"line":43,"column":10},"end":{"line":43,"column":51}},"type":"binary-expr","locations":[{"start":{"line":43,"column":10},"end":{"line":43,"column":26}},{"start":{"line":43,"column":30},"end":{"line":43,"column":51}}],"line":43},"7":{"loc":{"start":{"line":55,"column":4},"end":{"line":55,"column":53}},"type":"if","locations":[{"start":{"line":55,"column":4},"end":{"line":55,"column":53}},{"start":{},"end":{}}],"line":55},"8":{"loc":{"start":{"line":58,"column":38},"end":{"line":58,"column":52}},"type":"default-arg","locations":[{"start":{"line":58,"column":50},"end":{"line":58,"column":52}}],"line":58},"9":{"loc":{"start":{"line":60,"column":8},"end":{"line":62,"column":9}},"type":"if","locations":[{"start":{"line":60,"column":8},"end":{"line":62,"column":9}},{"start":{},"end":{}}],"line":60},"10":{"loc":{"start":{"line":63,"column":8},"end":{"line":65,"column":9}},"type":"if","locations":[{"start":{"line":63,"column":8},"end":{"line":65,"column":9}},{"start":{},"end":{}}],"line":63},"11":{"loc":{"start":{"line":63,"column":12},"end":{"line":63,"column":54}},"type":"binary-expr","locations":[{"start":{"line":63,"column":12},"end":{"line":63,"column":37}},{"start":{"line":63,"column":41},"end":{"line":63,"column":54}}],"line":63},"12":{"loc":{"start":{"line":73,"column":8},"end":{"line":75,"column":9}},"type":"if","locations":[{"start":{"line":73,"column":8},"end":{"line":75,"column":9}},{"start":{},"end":{}}],"line":73},"13":{"loc":{"start":{"line":102,"column":40},"end":{"line":102,"column":57}},"type":"default-arg","locations":[{"start":{"line":102,"column":55},"end":{"line":102,"column":57}}],"line":102},"14":{"loc":{"start":{"line":104,"column":8},"end":{"line":106,"column":9}},"type":"if","locations":[{"start":{"line":104,"column":8},"end":{"line":106,"column":9}},{"start":{},"end":{}}],"line":104},"15":{"loc":{"start":{"line":104,"column":12},"end":{"line":104,"column":58}},"type":"binary-expr","locations":[{"start":{"line":104,"column":12},"end":{"line":104,"column":33}},{"start":{"line":104,"column":37},"end":{"line":104,"column":58}}],"line":104},"16":{"loc":{"start":{"line":111,"column":8},"end":{"line":111,"column":27}},"type":"if","locations":[{"start":{"line":111,"column":8},"end":{"line":111,"column":27}},{"start":{},"end":{}}],"line":111},"17":{"loc":{"start":{"line":112,"column":8},"end":{"line":114,"column":9}},"type":"if","locations":[{"start":{"line":112,"column":8},"end":{"line":114,"column":9}},{"start":{},"end":{}}],"line":112},"18":{"loc":{"start":{"line":125,"column":8},"end":{"line":127,"column":9}},"type":"if","locations":[{"start":{"line":125,"column":8},"end":{"line":127,"column":9}},{"start":{},"end":{}}],"line":125},"19":{"loc":{"start":{"line":136,"column":8},"end":{"line":156,"column":9}},"type":"if","locations":[{"start":{"line":136,"column":8},"end":{"line":156,"column":9}},{"start":{},"end":{}}],"line":136},"20":{"loc":{"start":{"line":172,"column":41},"end":{"line":172,"column":58}},"type":"default-arg","locations":[{"start":{"line":172,"column":56},"end":{"line":172,"column":58}}],"line":172},"21":{"loc":{"start":{"line":175,"column":8},"end":{"line":175,"column":27}},"type":"if","locations":[{"start":{"line":175,"column":8},"end":{"line":175,"column":27}},{"start":{},"end":{}}],"line":175},"22":{"loc":{"start":{"line":191,"column":10},"end":{"line":205,"column":11}},"type":"if","locations":[{"start":{"line":191,"column":10},"end":{"line":205,"column":11}},{"start":{},"end":{}}],"line":191},"23":{"loc":{"start":{"line":215,"column":38},"end":{"line":215,"column":55}},"type":"default-arg","locations":[{"start":{"line":215,"column":53},"end":{"line":215,"column":55}}],"line":215},"24":{"loc":{"start":{"line":217,"column":8},"end":{"line":219,"column":9}},"type":"if","locations":[{"start":{"line":217,"column":8},"end":{"line":219,"column":9}},{"start":{},"end":{}}],"line":217},"25":{"loc":{"start":{"line":217,"column":12},"end":{"line":217,"column":58}},"type":"binary-expr","locations":[{"start":{"line":217,"column":12},"end":{"line":217,"column":33}},{"start":{"line":217,"column":37},"end":{"line":217,"column":58}}],"line":217},"26":{"loc":{"start":{"line":221,"column":8},"end":{"line":221,"column":27}},"type":"if","locations":[{"start":{"line":221,"column":8},"end":{"line":221,"column":27}},{"start":{},"end":{}}],"line":221},"27":{"loc":{"start":{"line":222,"column":8},"end":{"line":224,"column":9}},"type":"if","locations":[{"start":{"line":222,"column":8},"end":{"line":224,"column":9}},{"start":{},"end":{}}],"line":222},"28":{"loc":{"start":{"line":233,"column":8},"end":{"line":235,"column":9}},"type":"if","locations":[{"start":{"line":233,"column":8},"end":{"line":235,"column":9}},{"start":{},"end":{}}],"line":233},"29":{"loc":{"start":{"line":243,"column":40},"end":{"line":243,"column":82}},"type":"default-arg","locations":[{"start":{"line":243,"column":80},"end":{"line":243,"column":82}}],"line":243},"30":{"loc":{"start":{"line":243,"column":61},"end":{"line":243,"column":75}},"type":"default-arg","locations":[{"start":{"line":243,"column":68},"end":{"line":243,"column":75}}],"line":243},"31":{"loc":{"start":{"line":246,"column":8},"end":{"line":246,"column":27}},"type":"if","locations":[{"start":{"line":246,"column":8},"end":{"line":246,"column":27}},{"start":{},"end":{}}],"line":246},"32":{"loc":{"start":{"line":247,"column":8},"end":{"line":249,"column":9}},"type":"if","locations":[{"start":{"line":247,"column":8},"end":{"line":249,"column":9}},{"start":{},"end":{}}],"line":247},"33":{"loc":{"start":{"line":250,"column":8},"end":{"line":252,"column":9}},"type":"if","locations":[{"start":{"line":250,"column":8},"end":{"line":252,"column":9}},{"start":{},"end":{}}],"line":250},"34":{"loc":{"start":{"line":250,"column":12},"end":{"line":250,"column":78}},"type":"binary-expr","locations":[{"start":{"line":250,"column":12},"end":{"line":250,"column":28}},{"start":{"line":250,"column":32},"end":{"line":250,"column":59}},{"start":{"line":250,"column":63},"end":{"line":250,"column":78}}],"line":250},"35":{"loc":{"start":{"line":280,"column":8},"end":{"line":297,"column":9}},"type":"if","locations":[{"start":{"line":280,"column":8},"end":{"line":297,"column":9}},{"start":{},"end":{}}],"line":280},"36":{"loc":{"start":{"line":284,"column":10},"end":{"line":296,"column":11}},"type":"if","locations":[{"start":{"line":284,"column":10},"end":{"line":296,"column":11}},{"start":{},"end":{}}],"line":284},"37":{"loc":{"start":{"line":304,"column":35},"end":{"line":304,"column":63}},"type":"default-arg","locations":[{"start":{"line":304,"column":61},"end":{"line":304,"column":63}}],"line":304},"38":{"loc":{"start":{"line":307,"column":8},"end":{"line":307,"column":27}},"type":"if","locations":[{"start":{"line":307,"column":8},"end":{"line":307,"column":27}},{"start":{},"end":{}}],"line":307},"39":{"loc":{"start":{"line":308,"column":8},"end":{"line":308,"column":84}},"type":"if","locations":[{"start":{"line":308,"column":8},"end":{"line":308,"column":84}},{"start":{},"end":{}}],"line":308},"40":{"loc":{"start":{"line":314,"column":8},"end":{"line":316,"column":9}},"type":"if","locations":[{"start":{"line":314,"column":8},"end":{"line":316,"column":9}},{"start":{},"end":{}}],"line":314},"41":{"loc":{"start":{"line":334,"column":31},"end":{"line":334,"column":48}},"type":"default-arg","locations":[{"start":{"line":334,"column":46},"end":{"line":334,"column":48}}],"line":334},"42":{"loc":{"start":{"line":337,"column":8},"end":{"line":337,"column":55}},"type":"if","locations":[{"start":{"line":337,"column":8},"end":{"line":337,"column":55}},{"start":{},"end":{}}],"line":337},"43":{"loc":{"start":{"line":337,"column":12},"end":{"line":337,"column":46}},"type":"binary-expr","locations":[{"start":{"line":337,"column":12},"end":{"line":337,"column":18}},{"start":{"line":337,"column":22},"end":{"line":337,"column":46}}],"line":337},"44":{"loc":{"start":{"line":339,"column":20},"end":{"line":339,"column":60}},"type":"binary-expr","locations":[{"start":{"line":339,"column":20},"end":{"line":339,"column":31}},{"start":{"line":339,"column":35},"end":{"line":339,"column":43}},{"start":{"line":339,"column":47},"end":{"line":339,"column":60}}],"line":339},"45":{"loc":{"start":{"line":354,"column":40},"end":{"line":354,"column":75}},"type":"default-arg","locations":[{"start":{"line":354,"column":73},"end":{"line":354,"column":75}}],"line":354},"46":{"loc":{"start":{"line":357,"column":8},"end":{"line":357,"column":27}},"type":"if","locations":[{"start":{"line":357,"column":8},"end":{"line":357,"column":27}},{"start":{},"end":{}}],"line":357},"47":{"loc":{"start":{"line":358,"column":8},"end":{"line":360,"column":9}},"type":"if","locations":[{"start":{"line":358,"column":8},"end":{"line":360,"column":9}},{"start":{},"end":{}}],"line":358},"48":{"loc":{"start":{"line":361,"column":8},"end":{"line":363,"column":9}},"type":"if","locations":[{"start":{"line":361,"column":8},"end":{"line":363,"column":9}},{"start":{},"end":{}}],"line":361},"49":{"loc":{"start":{"line":361,"column":12},"end":{"line":361,"column":94}},"type":"binary-expr","locations":[{"start":{"line":361,"column":12},"end":{"line":361,"column":22}},{"start":{"line":361,"column":26},"end":{"line":361,"column":51}},{"start":{"line":361,"column":55},"end":{"line":361,"column":68}},{"start":{"line":361,"column":72},"end":{"line":361,"column":94}}],"line":361},"50":{"loc":{"start":{"line":369,"column":8},"end":{"line":371,"column":9}},"type":"if","locations":[{"start":{"line":369,"column":8},"end":{"line":371,"column":9}},{"start":{},"end":{}}],"line":369},"51":{"loc":{"start":{"line":378,"column":8},"end":{"line":388,"column":9}},"type":"if","locations":[{"start":{"line":378,"column":8},"end":{"line":388,"column":9}},{"start":{"line":383,"column":15},"end":{"line":388,"column":9}}],"line":378}},"s":{"0":1,"1":1,"2":1,"3":1,"4":1,"5":0,"6":1,"7":14,"8":0,"9":0,"10":14,"11":14,"12":0,"13":0,"14":14,"15":0,"16":0,"17":14,"18":4,"19":0,"20":4,"21":1,"22":1,"23":32,"24":32,"25":31,"26":31,"27":31,"28":1,"29":1,"30":31,"31":31,"32":31,"33":17,"34":31,"35":31,"36":3,"37":3,"38":1,"39":2,"40":1,"41":1,"42":1,"43":0,"44":1,"45":1,"46":1,"47":1,"48":1,"49":1,"50":0,"51":31,"52":3,"53":3,"54":1,"55":2,"56":2,"57":0,"58":2,"59":0,"60":2,"61":2,"62":1,"63":1,"64":1,"65":1,"66":1,"67":1,"68":1,"69":1,"70":1,"71":0,"72":0,"73":31,"74":6,"75":6,"76":6,"77":0,"78":6,"79":6,"80":6,"81":6,"82":1,"83":1,"84":1,"85":1,"86":0,"87":0,"88":1,"89":1,"90":0,"91":0,"92":0,"93":31,"94":2,"95":2,"96":1,"97":1,"98":1,"99":0,"100":1,"101":0,"102":1,"103":1,"104":0,"105":1,"106":0,"107":0,"108":31,"109":2,"110":2,"111":2,"112":0,"113":2,"114":0,"115":2,"116":1,"117":1,"118":1,"119":1,"120":1,"121":1,"122":1,"123":0,"124":0,"125":0,"126":1,"127":1,"128":31,"129":1,"130":1,"131":1,"132":0,"133":1,"134":0,"135":1,"136":1,"137":0,"138":1,"139":1,"140":1,"141":1,"142":0,"143":0,"144":31,"145":1,"146":1,"147":1,"148":0,"149":1,"150":1,"151":1,"152":1,"153":1,"154":0,"155":0,"156":1,"157":0,"158":31,"159":1,"160":1,"161":1,"162":0,"163":1,"164":0,"165":1,"166":0,"167":1,"168":1,"169":0,"170":1,"171":1,"172":1,"173":0,"174":1,"175":1,"176":1,"177":0,"178":0,"179":31,"180":31},"f":{"0":1,"1":0,"2":14,"3":4,"4":1,"5":32,"6":31,"7":3,"8":3,"9":6,"10":1,"11":0,"12":1,"13":2,"14":2,"15":1,"16":1,"17":0,"18":1,"19":31},"b":{"0":[6],"1":[0,14],"2":[0,14],"3":[0,14],"4":[0,4],"5":[31,0],"6":[31,31],"7":[17,14],"8":[0],"9":[1,2],"10":[1,1],"11":[2,2],"12":[0,1],"13":[0],"14":[1,2],"15":[3,1],"16":[0,2],"17":[0,2],"18":[1,1],"19":[1,0],"20":[0],"21":[0,6],"22":[1,5],"23":[0],"24":[1,1],"25":[2,1],"26":[0,1],"27":[0,1],"28":[0,1],"29":[0],"30":[2],"31":[0,2],"32":[0,2],"33":[1,1],"34":[2,2,2],"35":[0,0],"36":[0,0],"37":[0],"38":[0,1],"39":[0,1],"40":[0,1],"41":[0],"42":[0,1],"43":[1,1],"44":[1,1,0],"45":[0],"46":[0,1],"47":[0,1],"48":[0,1],"49":[1,1,1,1],"50":[0,1],"51":[0,1]},"_coverageSchema":"1a1c01bbd47fc00a2c39e90264f33305004495a9","hash":"b47a03a3205ec610b39fb61cd2f9816124751ce2"}
}
