TN:
SF:src\server.js
FN:59,(anonymous_0)
FN:80,(anonymous_1)
FN:89,(anonymous_2)
FN:110,(anonymous_3)
FN:115,(anonymous_4)
FNF:5
FNH:2
FNDA:97,(anonymous_0)
FNDA:0,(anonymous_1)
FNDA:2,(anonymous_2)
FNDA:0,(anonymous_3)
FNDA:0,(anonymous_4)
DA:1,1
DA:2,1
DA:3,1
DA:4,1
DA:5,1
DA:6,1
DA:7,1
DA:9,1
DA:10,1
DA:11,1
DA:12,1
DA:14,1
DA:15,1
DA:17,1
DA:19,1
DA:20,1
DA:22,1
DA:23,0
DA:29,0
DA:35,1
DA:39,1
DA:51,1
DA:53,1
DA:57,1
DA:59,1
DA:68,97
DA:69,0
DA:71,97
DA:74,1
DA:75,1
DA:76,1
DA:79,1
DA:80,1
DA:82,1
DA:83,1
DA:84,1
DA:85,1
DA:86,1
DA:87,1
DA:88,1
DA:89,1
DA:90,2
DA:94,1
DA:95,1
DA:99,1
DA:100,0
DA:101,0
DA:105,1
DA:106,1
DA:108,1
DA:109,1
DA:110,0
DA:111,0
DA:114,0
DA:115,0
DA:116,0
DA:121,1
LF:57
LH:47
BRDA:17,0,0,1
BRDA:17,0,1,1
BRDA:22,1,0,0
BRDA:22,1,1,1
BRDA:35,2,0,1
BRDA:35,2,1,0
BRDA:68,3,0,0
BRDA:68,3,1,97
BRDA:68,4,0,97
BRDA:68,4,1,97
BRDA:99,5,0,0
BRDA:99,5,1,1
BRDA:108,6,0,1
BRDA:108,6,1,0
BRDA:109,7,0,0
BRDA:109,7,1,1
BRDA:114,8,0,0
BRDA:114,8,1,0
BRF:18
BRH:10
end_of_record
TN:
SF:src\config\db.js
FN:13,(anonymous_0)
FN:17,query
FN:24,transaction
FNF:3
FNH:2
FNDA:0,(anonymous_0)
FNDA:1,query
FNDA:2,transaction
DA:1,4
DA:2,4
DA:3,4
DA:5,4
DA:13,4
DA:14,0
DA:18,1
DA:19,1
DA:20,1
DA:21,1
DA:25,2
DA:26,2
DA:27,2
DA:28,2
DA:29,1
DA:30,1
DA:32,1
DA:33,1
DA:35,2
DA:39,4
LF:20
LH:19
BRF:0
BRH:0
end_of_record
TN:
SF:src\config\logger.js
FN:9,(anonymous_0)
FN:34,(anonymous_1)
FNF:2
FNH:1
FNDA:0,(anonymous_0)
FNDA:97,(anonymous_1)
DA:1,5
DA:3,5
DA:4,5
DA:6,5
DA:9,0
DA:12,5
DA:17,5
DA:18,5
DA:19,0
DA:23,5
DA:24,0
DA:27,5
DA:34,97
DA:36,5
LF:14
LH:11
BRDA:18,0,0,0
BRDA:18,0,1,5
BRDA:23,1,0,0
BRDA:23,1,1,5
BRDA:28,2,0,5
BRDA:28,2,1,0
BRDA:29,3,0,0
BRDA:29,3,1,5
BRF:8
BRH:4
end_of_record
TN:
SF:src\config\swagger.js
FN:85,setupSwagger
FN:87,(anonymous_1)
FNF:2
FNH:0
FNDA:0,setupSwagger
FNDA:0,(anonymous_1)
DA:1,1
DA:2,1
DA:4,1
DA:83,1
DA:86,0
DA:87,0
DA:90,1
LF:7
LH:5
BRF:0
BRH:0
end_of_record
TN:
SF:src\controllers\authController.js
FN:10,creerUtilisateur
FN:29,inscrire
FN:34,inscrireInterne
FN:39,inscrireClient
FN:44,(anonymous_4)
FN:81,connecter
FN:129,profil
FN:134,demanderReinitialisation
FN:168,reinitialiserMotDePasse
FNF:9
FNH:9
FNDA:3,creerUtilisateur
FNDA:2,inscrire
FNDA:1,inscrireInterne
FNDA:1,inscrireClient
FNDA:1,(anonymous_4)
FNDA:2,connecter
FNDA:1,profil
FNDA:1,demanderReinitialisation
FNDA:1,reinitialiserMotDePasse
DA:1,1
DA:2,1
DA:3,1
DA:4,1
DA:5,1
DA:7,1
DA:8,1
DA:11,3
DA:12,3
DA:13,3
DA:15,3
DA:22,2
DA:24,1
DA:30,2
DA:35,1
DA:40,1
DA:41,1
DA:42,1
DA:44,1
DA:45,1
DA:52,1
DA:58,1
DA:61,1
DA:67,1
DA:77,0
DA:82,2
DA:83,2
DA:85,2
DA:86,2
DA:88,2
DA:92,2
DA:93,1
DA:94,1
DA:98,1
DA:99,1
DA:100,1
DA:101,1
DA:102,1
DA:106,1
DA:112,1
DA:125,0
DA:130,1
DA:135,1
DA:136,1
DA:137,1
DA:139,1
DA:141,1
DA:142,1
DA:145,0
DA:146,0
DA:147,0
DA:149,0
DA:150,0
DA:155,0
DA:157,0
DA:163,0
DA:169,1
DA:170,1
DA:172,1
DA:177,1
DA:178,1
DA:181,0
DA:182,0
DA:184,0
DA:185,0
DA:187,0
DA:188,0
DA:190,0
DA:194,1
LF:69
LH:52
BRDA:64,0,0,1
BRDA:64,0,1,0
BRDA:88,1,0,1
BRDA:88,1,1,1
BRDA:92,2,0,1
BRDA:92,2,1,1
BRDA:92,3,0,2
BRDA:92,3,1,1
BRDA:99,4,0,1
BRDA:99,4,1,0
BRDA:101,5,0,1
BRDA:101,5,1,0
BRDA:107,6,0,1
BRDA:107,6,1,0
BRDA:109,7,0,1
BRDA:109,7,1,0
BRDA:141,8,0,1
BRDA:141,8,1,0
BRDA:177,9,0,1
BRDA:177,9,1,0
BRF:20
BRH:13
end_of_record
TN:
SF:src\controllers\clientsController.js
FN:4,lister
FN:56,obtenirDetail
FN:107,creer
FN:112,(anonymous_3)
FN:133,modifier
FN:141,(anonymous_5)
FN:155,changerStatut
FN:188,supprimer
FN:220,supprimerMonCompte
FN:247,changerForfait
FNF:10
FNH:10
FNDA:2,lister
FNDA:2,obtenirDetail
FNDA:1,creer
FNDA:1,(anonymous_3)
FNDA:2,modifier
FNDA:1,(anonymous_5)
FNDA:3,changerStatut
FNDA:2,supprimer
FNDA:2,supprimerMonCompte
FNDA:2,changerForfait
DA:1,1
DA:2,1
DA:5,2
DA:6,2
DA:7,2
DA:8,2
DA:10,2
DA:11,2
DA:13,2
DA:14,0
DA:15,0
DA:17,2
DA:18,0
DA:19,0
DA:21,2
DA:22,1
DA:23,1
DA:24,1
DA:27,2
DA:29,2
DA:34,2
DA:45,2
DA:47,2
DA:52,0
DA:57,2
DA:58,2
DA:61,2
DA:71,2
DA:74,1
DA:76,1
DA:81,1
DA:86,1
DA:91,1
DA:93,1
DA:104,0
DA:108,1
DA:109,1
DA:110,1
DA:112,1
DA:113,1
DA:119,1
DA:124,1
DA:127,1
DA:129,0
DA:134,2
DA:135,2
DA:136,2
DA:138,2
DA:139,2
DA:141,1
DA:142,1
DA:145,1
DA:148,1
DA:149,1
DA:151,0
DA:156,3
DA:157,3
DA:158,3
DA:164,3
DA:168,3
DA:169,3
DA:171,3
DA:172,1
DA:176,1
DA:177,1
DA:181,2
DA:182,2
DA:184,0
DA:189,2
DA:190,2
DA:192,2
DA:196,2
DA:197,2
DA:199,2
DA:203,2
DA:204,1
DA:207,1
DA:208,1
DA:210,0
DA:221,2
DA:222,2
DA:224,2
DA:225,2
DA:226,2
DA:228,2
DA:232,2
DA:233,1
DA:236,1
DA:237,1
DA:239,0
DA:248,2
DA:249,2
DA:250,2
DA:252,2
DA:253,2
DA:254,1
DA:257,1
DA:261,1
DA:263,1
DA:265,0
DA:269,1
LF:101
LH:89
BRDA:6,0,0,2
BRDA:6,0,1,2
BRDA:7,1,0,2
BRDA:7,1,1,2
BRDA:13,2,0,0
BRDA:13,2,1,2
BRDA:17,3,0,0
BRDA:17,3,1,2
BRDA:21,4,0,1
BRDA:21,4,1,1
BRDA:27,5,0,1
BRDA:27,5,1,1
BRDA:71,6,0,1
BRDA:71,6,1,1
BRDA:91,7,0,1
BRDA:91,7,1,1
BRDA:97,8,0,0
BRDA:97,8,1,1
BRDA:98,9,0,0
BRDA:98,9,1,1
BRDA:99,10,0,0
BRDA:99,10,1,1
BRDA:101,11,0,1
BRDA:101,11,1,1
BRDA:139,12,0,1
BRDA:139,12,1,1
BRDA:168,13,0,0
BRDA:168,13,1,3
BRDA:171,14,0,1
BRDA:171,14,1,2
BRDA:176,15,0,1
BRDA:176,15,1,0
BRDA:196,16,0,0
BRDA:196,16,1,2
BRDA:203,17,0,1
BRDA:203,17,1,1
BRDA:225,18,0,0
BRDA:225,18,1,2
BRDA:232,19,0,1
BRDA:232,19,1,1
BRDA:253,20,0,1
BRDA:253,20,1,1
BRDA:261,21,0,0
BRDA:261,21,1,1
BRF:44
BRH:34
end_of_record
TN:
SF:src\controllers\facturesController.js
FN:3,genererReference
FN:13,lister
FN:41,detail
FN:49,creer
FN:75,changerStatut
FN:83,supprimer
FN:95,genererFacturesMensuelles
FN:123,marquerFacturesEnRetard
FNF:8
FNH:8
FNDA:5,genererReference
FNDA:2,lister
FNDA:4,detail
FNDA:5,creer
FNDA:3,changerStatut
FNDA:1,supprimer
FNDA:3,genererFacturesMensuelles
FNDA:1,marquerFacturesEnRetard
DA:1,1
DA:4,5
DA:5,5
DA:9,4
DA:10,4
DA:14,2
DA:15,2
DA:17,2
DA:18,2
DA:19,2
DA:21,2
DA:22,2
DA:24,2
DA:25,2
DA:30,2
DA:42,4
DA:43,4
DA:45,3
DA:46,3
DA:50,5
DA:60,4
DA:72,4
DA:76,3
DA:80,1
DA:84,1
DA:88,1
DA:96,3
DA:98,3
DA:109,3
DA:110,3
DA:111,3
DA:116,3
DA:118,3
DA:124,1
DA:129,1
DA:132,1
LF:36
LH:36
BRDA:13,0,0,2
BRDA:13,1,0,2
BRDA:17,2,0,2
BRDA:17,2,1,0
BRDA:18,3,0,0
BRDA:18,3,1,2
BRDA:19,4,0,0
BRDA:19,4,1,2
BRDA:21,5,0,2
BRDA:21,5,1,0
BRDA:43,6,0,1
BRDA:43,6,1,3
BRDA:46,7,0,3
BRDA:46,7,1,0
BRDA:60,8,0,0
BRDA:60,8,1,4
BRDA:96,9,0,3
BRDA:96,9,1,0
BRF:18
BRH:11
end_of_record
TN:
SF:src\controllers\forfaitsController.js
FN:3,lister
FN:15,detail
FN:40,creer
FN:48,modifier
FN:56,supprimer
FNF:5
FNH:5
FNDA:1,lister
FNDA:2,detail
FNDA:1,creer
FNDA:2,modifier
FNDA:2,supprimer
DA:1,1
DA:4,1
DA:12,1
DA:16,2
DA:17,2
DA:19,1
DA:20,1
DA:24,1
DA:26,1
DA:41,1
DA:45,1
DA:49,2
DA:53,2
DA:57,2
DA:61,2
DA:62,1
DA:63,1
DA:64,1
DA:66,1
DA:69,1
LF:20
LH:20
BRDA:15,0,0,2
BRDA:15,1,0,2
BRDA:17,2,0,1
BRDA:17,2,1,1
BRDA:61,3,0,1
BRDA:61,3,1,1
BRF:6
BRH:6
end_of_record
TN:
SF:src\controllers\statsController.js
FN:3,obtenirStats
FNF:1
FNH:1
FNDA:1,obtenirStats
DA:1,1
DA:4,1
DA:15,1
DA:18,1
LF:4
LH:4
BRF:0
BRH:0
end_of_record
TN:
SF:src\controllers\ticketsController.js
FN:3,listerTickets
FN:55,creerTicket
FN:90,changerStatutTicket
FN:99,assignerAgent
FN:122,verifierAccesTicket
FN:162,historiqueMessages
FN:186,historiqueAppels
FN:194,creerMessage
FNF:8
FNH:8
FNDA:1,listerTickets
FNDA:1,creerTicket
FNDA:1,changerStatutTicket
FNDA:2,assignerAgent
FNDA:24,verifierAccesTicket
FNDA:2,historiqueMessages
FNDA:2,historiqueAppels
FNDA:1,creerMessage
DA:1,1
DA:4,1
DA:5,1
DA:7,1
DA:8,1
DA:10,1
DA:11,0
DA:12,0
DA:18,1
DA:19,1
DA:21,1
DA:29,1
DA:43,1
DA:57,1
DA:62,1
DA:63,0
DA:66,1
DA:69,1
DA:76,1
DA:79,1
DA:80,0
DA:87,1
DA:91,1
DA:92,1
DA:96,1
DA:102,2
DA:103,2
DA:104,2
DA:105,1
DA:106,1
DA:107,1
DA:110,1
DA:114,1
DA:123,24
DA:124,24
DA:125,24
DA:126,24
DA:128,24
DA:129,2
DA:132,22
DA:133,5
DA:136,17
DA:137,13
DA:138,13
DA:139,13
DA:146,4
DA:147,4
DA:151,4
DA:152,4
DA:159,0
DA:163,2
DA:164,2
DA:165,2
DA:166,1
DA:167,1
DA:169,2
DA:171,2
DA:183,2
DA:187,2
DA:191,2
DA:195,1
DA:201,1
DA:204,1
LF:63
LH:58
BRDA:3,0,0,1
BRDA:3,1,0,1
BRDA:7,2,0,0
BRDA:7,2,1,1
BRDA:8,3,0,0
BRDA:8,3,1,1
BRDA:10,4,0,0
BRDA:10,4,1,1
BRDA:18,5,0,0
BRDA:18,5,1,1
BRDA:62,6,0,0
BRDA:62,6,1,1
BRDA:79,7,0,0
BRDA:79,7,1,1
BRDA:79,8,0,1
BRDA:79,8,1,0
BRDA:91,9,0,1
BRDA:91,9,1,0
BRDA:103,10,0,0
BRDA:103,10,1,2
BRDA:104,11,0,1
BRDA:104,11,1,1
BRDA:104,12,0,2
BRDA:104,12,1,1
BRDA:122,13,0,10
BRDA:123,14,0,16
BRDA:124,15,0,24
BRDA:124,15,1,0
BRDA:128,16,0,2
BRDA:128,16,1,22
BRDA:132,17,0,5
BRDA:132,17,1,17
BRDA:136,18,0,13
BRDA:136,18,1,4
BRDA:137,19,0,13
BRDA:137,19,1,3
BRDA:138,20,0,13
BRDA:138,20,1,6
BRDA:141,21,0,13
BRDA:141,21,1,4
BRDA:142,22,0,9
BRDA:142,22,1,4
BRDA:142,23,0,3
BRDA:142,23,1,1
BRDA:146,24,0,4
BRDA:146,24,1,0
BRDA:154,25,0,4
BRDA:154,25,1,0
BRDA:154,26,0,4
BRDA:154,26,1,0
BRDA:155,27,0,3
BRDA:155,27,1,1
BRDA:155,28,0,4
BRDA:155,28,1,0
BRDA:155,29,0,4
BRDA:155,29,1,0
BRDA:162,30,0,2
BRDA:165,31,0,1
BRDA:165,31,1,1
BRF:59
BRH:44
end_of_record
TN:
SF:src\controllers\utilisateursController.js
FN:5,lister
FN:32,(anonymous_1)
FN:36,(anonymous_2)
FN:46,supprimer
FNF:4
FNH:4
FNDA:1,lister
FNDA:1,(anonymous_1)
FNDA:1,(anonymous_2)
FNDA:2,supprimer
DA:1,1
DA:6,1
DA:7,1
DA:8,1
DA:9,1
DA:11,1
DA:12,1
DA:13,1
DA:16,1
DA:26,1
DA:31,1
DA:32,1
DA:35,1
DA:36,1
DA:39,0
DA:47,2
DA:48,2
DA:50,2
DA:51,2
DA:52,2
DA:53,0
DA:55,2
DA:56,1
DA:59,1
DA:60,1
DA:62,0
DA:66,1
LF:27
LH:24
BRDA:11,0,0,1
BRDA:11,0,1,0
BRDA:11,1,0,1
BRDA:11,1,1,1
BRDA:36,2,0,1
BRDA:36,2,1,0
BRDA:51,3,0,0
BRDA:51,3,1,2
BRDA:52,4,0,0
BRDA:52,4,1,2
BRDA:55,5,0,1
BRDA:55,5,1,1
BRF:12
BRH:8
end_of_record
TN:
SF:src\middleware\auth.js
FN:3,verifierJWT
FN:24,garderRole
FN:25,(anonymous_2)
FNF:3
FNH:3
FNDA:79,verifierJWT
FNDA:16,garderRole
FNDA:38,(anonymous_2)
DA:1,1
DA:4,79
DA:5,79
DA:7,77
DA:8,77
DA:10,77
DA:11,77
DA:12,76
DA:13,76
DA:15,76
DA:17,1
DA:18,1
DA:20,0
DA:25,16
DA:26,38
DA:27,6
DA:29,32
DA:33,1
LF:18
LH:17
BRDA:5,0,0,2
BRDA:5,0,1,77
BRDA:8,1,0,0
BRDA:8,1,1,77
BRDA:12,2,0,76
BRDA:12,2,1,0
BRDA:12,3,0,76
BRDA:12,3,1,76
BRDA:17,4,0,1
BRDA:17,4,1,0
BRDA:26,5,0,6
BRDA:26,5,1,32
BRDA:26,6,0,38
BRDA:26,6,1,38
BRF:14
BRH:11
end_of_record
TN:
SF:src\middleware\erreurs.js
FN:3,gestionnaireErreurs
FN:23,gestionnaire404
FNF:2
FNH:2
FNDA:4,gestionnaireErreurs
FNDA:1,gestionnaire404
DA:1,1
DA:4,4
DA:6,4
DA:7,1
DA:8,1
DA:11,3
DA:12,1
DA:15,2
DA:16,0
DA:19,2
DA:20,2
DA:24,1
DA:27,1
LF:13
LH:12
BRDA:6,0,0,1
BRDA:6,0,1,3
BRDA:7,1,0,0
BRDA:7,1,1,1
BRDA:11,2,0,1
BRDA:11,2,1,2
BRDA:15,3,0,0
BRDA:15,3,1,2
BRDA:19,4,0,0
BRDA:19,4,1,2
BRF:10
BRH:7
end_of_record
TN:
SF:src\middleware\upload.js
FN:8,(anonymous_0)
FN:9,(anonymous_1)
FN:20,(anonymous_2)
FN:28,typeDepuisMime
FNF:4
FNH:0
FNDA:0,(anonymous_0)
FNDA:0,(anonymous_1)
FNDA:0,(anonymous_2)
FNDA:0,typeDepuisMime
DA:1,1
DA:2,1
DA:3,1
DA:5,1
DA:7,1
DA:8,0
DA:9,0
DA:15,1
DA:17,1
DA:21,0
DA:22,0
DA:24,0
DA:29,0
DA:30,0
DA:31,0
DA:34,1
LF:16
LH:8
BRDA:15,0,0,1
BRDA:15,0,1,0
BRDA:21,1,0,0
BRDA:21,1,1,0
BRDA:29,2,0,0
BRDA:29,2,1,0
BRDA:30,3,0,0
BRDA:30,3,1,0
BRF:8
BRH:1
end_of_record
TN:
SF:src\routes\auth.js
FN:308,validerRequete
FN:312,(anonymous_1)
FNF:2
FNH:2
FNDA:14,validerRequete
FNDA:10,(anonymous_1)
DA:1,1
DA:2,1
DA:11,1
DA:12,1
DA:306,1
DA:309,14
DA:310,14
DA:311,6
DA:312,10
DA:315,8
DA:319,1
DA:333,1
DA:348,1
DA:362,1
DA:372,1
DA:374,1
DA:381,1
DA:391,1
LF:18
LH:18
BRDA:310,0,0,6
BRDA:310,0,1,8
BRF:2
BRH:2
end_of_record
TN:
SF:src\routes\clients.js
FN:9,validerRequete
FN:13,(anonymous_1)
FN:55,(anonymous_2)
FN:101,(anonymous_3)
FN:248,(anonymous_4)
FN:334,(anonymous_5)
FNF:6
FNH:6
FNDA:16,validerRequete
FNDA:7,(anonymous_1)
FNDA:2,(anonymous_2)
FNDA:2,(anonymous_3)
FNDA:5,(anonymous_4)
FNDA:3,(anonymous_5)
DA:1,1
DA:2,1
DA:3,1
DA:4,1
DA:5,1
DA:7,1
DA:10,16
DA:11,16
DA:12,3
DA:13,7
DA:16,13
DA:19,1
DA:55,1
DA:56,2
DA:58,2
DA:59,2
DA:63,0
DA:64,0
DA:74,0
DA:75,0
DA:77,0
DA:101,1
DA:102,2
DA:103,2
DA:104,2
DA:107,0
DA:108,0
DA:110,0
DA:121,0
DA:123,0
DA:124,0
DA:127,0
DA:129,0
DA:130,0
DA:169,1
DA:206,1
DA:243,1
DA:249,5
DA:257,3
DA:258,3
DA:259,3
DA:260,2
DA:264,1
DA:266,2
DA:287,1
DA:308,1
DA:329,1
DA:336,3
DA:337,1
DA:339,2
DA:344,1
LF:51
LH:37
BRDA:11,0,0,3
BRDA:11,0,1,13
BRDA:58,1,0,2
BRDA:58,1,1,0
BRDA:103,2,0,2
BRDA:103,2,1,0
BRDA:123,3,0,0
BRDA:123,3,1,0
BRDA:249,4,0,3
BRDA:249,4,1,2
BRDA:259,5,0,2
BRDA:259,5,1,1
BRDA:259,6,0,3
BRDA:259,6,1,2
BRDA:336,7,0,1
BRDA:336,7,1,2
BRDA:336,8,0,3
BRDA:336,8,1,3
BRF:18
BRH:14
end_of_record
TN:
SF:src\routes\factures.js
FN:24,notifierClient
FN:74,(anonymous_1)
FN:114,(anonymous_2)
FN:165,(anonymous_3)
FN:168,(anonymous_4)
FN:213,(anonymous_5)
FN:217,(anonymous_6)
FN:222,(anonymous_7)
FN:266,(anonymous_8)
FN:304,(anonymous_9)
FN:310,(anonymous_10)
FNF:11
FNH:11
FNDA:1,notifierClient
FNDA:2,(anonymous_1)
FNDA:4,(anonymous_2)
FNDA:3,(anonymous_3)
FNDA:3,(anonymous_4)
FNDA:2,(anonymous_5)
FNDA:1,(anonymous_6)
FNDA:1,(anonymous_7)
FNDA:4,(anonymous_8)
FNDA:1,(anonymous_9)
FNDA:1,(anonymous_10)
DA:1,1
DA:2,1
DA:3,1
DA:4,1
DA:5,1
DA:7,1
DA:25,1
DA:26,0
DA:27,0
DA:28,0
DA:29,0
DA:30,0
DA:74,1
DA:75,2
DA:76,2
DA:77,2
DA:83,2
DA:84,1
DA:85,1
DA:88,2
DA:89,2
DA:90,0
DA:114,1
DA:115,4
DA:116,4
DA:117,4
DA:120,3
DA:121,2
DA:122,2
DA:123,2
DA:124,1
DA:128,2
DA:129,0
DA:158,1
DA:166,3
DA:167,3
DA:168,3
DA:170,1
DA:171,1
DA:173,0
DA:174,0
DA:175,0
DA:183,0
DA:184,1
DA:209,1
DA:214,2
DA:215,2
DA:216,1
DA:217,1
DA:220,1
DA:223,1
DA:224,1
DA:225,1
DA:226,0
DA:228,0
DA:263,1
DA:267,4
DA:268,4
DA:269,3
DA:270,3
DA:271,1
DA:272,1
DA:273,2
DA:304,1
DA:305,1
DA:306,1
DA:308,1
DA:309,1
DA:310,1
DA:311,1
DA:320,1
DA:321,0
DA:324,1
LF:73
LH:59
BRDA:25,0,0,1
BRDA:25,0,1,0
BRDA:25,1,0,1
BRDA:25,1,1,1
BRDA:29,2,0,0
BRDA:29,2,1,0
BRDA:83,3,0,1
BRDA:83,3,1,1
BRDA:85,4,0,1
BRDA:85,4,1,0
BRDA:117,5,0,1
BRDA:117,5,1,3
BRDA:120,6,0,2
BRDA:120,6,1,1
BRDA:123,7,0,1
BRDA:123,7,1,1
BRDA:167,8,0,2
BRDA:167,8,1,1
BRDA:174,9,0,0
BRDA:174,9,1,0
BRDA:215,10,0,1
BRDA:215,10,1,1
BRDA:225,11,0,1
BRDA:225,11,1,0
BRDA:268,12,0,1
BRDA:268,12,1,3
BRDA:271,13,0,0
BRDA:271,13,1,1
BRDA:309,14,0,1
BRDA:309,14,1,0
BRDA:309,15,0,1
BRDA:309,15,1,1
BRF:32
BRH:23
end_of_record
TN:
SF:src\routes\forfaits.js
FN:226,(anonymous_0)
FN:233,(anonymous_1)
FN:241,(anonymous_2)
FN:244,(anonymous_3)
FN:252,(anonymous_4)
FN:255,(anonymous_5)
FN:264,(anonymous_6)
FNF:7
FNH:7
FNDA:1,(anonymous_0)
FNDA:2,(anonymous_1)
FNDA:2,(anonymous_2)
FNDA:1,(anonymous_3)
FNDA:3,(anonymous_4)
FNDA:2,(anonymous_5)
FNDA:2,(anonymous_6)
DA:1,1
DA:2,1
DA:3,1
DA:4,1
DA:217,1
DA:219,1
DA:226,1
DA:227,1
DA:228,1
DA:229,1
DA:230,0
DA:233,1
DA:234,2
DA:235,2
DA:236,2
DA:237,1
DA:238,0
DA:241,1
DA:242,2
DA:243,2
DA:244,1
DA:246,1
DA:247,1
DA:248,1
DA:249,0
DA:252,1
DA:253,3
DA:254,3
DA:255,2
DA:257,2
DA:258,2
DA:259,2
DA:260,1
DA:261,0
DA:264,1
DA:265,2
DA:266,2
DA:267,1
DA:269,1
DA:270,0
DA:274,1
LF:41
LH:36
BRDA:236,0,0,1
BRDA:236,0,1,1
BRDA:243,1,0,1
BRDA:243,1,1,1
BRDA:254,2,0,1
BRDA:254,2,1,2
BRDA:259,3,0,1
BRDA:259,3,1,1
BRDA:269,4,0,1
BRDA:269,4,1,0
BRF:10
BRH:9
end_of_record
TN:
SF:src\routes\stats.js
FN:48,(anonymous_0)
FNF:1
FNH:1
FNDA:1,(anonymous_0)
DA:1,1
DA:2,1
DA:3,1
DA:46,1
DA:48,1
DA:49,1
DA:50,1
DA:51,1
DA:52,0
DA:55,1
LF:10
LH:9
BRF:0
BRH:0
end_of_record
TN:
SF:src\routes\tickets.js
FN:508,autoriserAccesTicket
FN:521,(anonymous_1)
FN:543,(anonymous_2)
FN:554,(anonymous_3)
FN:575,(anonymous_4)
FN:603,(anonymous_5)
FN:609,(anonymous_6)
FN:629,(anonymous_7)
FN:635,(anonymous_8)
FN:649,(anonymous_9)
FN:657,(anonymous_10)
FN:665,(anonymous_11)
FNF:12
FNH:11
FNDA:10,autoriserAccesTicket
FNDA:1,(anonymous_1)
FNDA:1,(anonymous_2)
FNDA:2,(anonymous_3)
FNDA:3,(anonymous_4)
FNDA:3,(anonymous_5)
FNDA:1,(anonymous_6)
FNDA:2,(anonymous_7)
FNDA:1,(anonymous_8)
FNDA:2,(anonymous_9)
FNDA:1,(anonymous_10)
FNDA:0,(anonymous_11)
DA:1,1
DA:2,1
DA:3,1
DA:4,1
DA:5,1
DA:6,1
DA:501,1
DA:509,10
DA:510,10
DA:511,10
DA:512,8
DA:513,2
DA:515,6
DA:516,6
DA:517,0
DA:521,1
DA:522,1
DA:523,1
DA:526,1
DA:527,1
DA:528,0
DA:529,0
DA:535,1
DA:538,1
DA:539,0
DA:543,1
DA:544,1
DA:548,1
DA:555,2
DA:556,2
DA:558,1
DA:559,1
DA:566,1
DA:567,1
DA:569,1
DA:570,0
DA:575,1
DA:576,3
DA:577,3
DA:578,1
DA:581,2
DA:582,1
DA:584,1
DA:585,1
DA:587,1
DA:589,1
DA:592,1
DA:594,1
DA:595,0
DA:600,1
DA:604,3
DA:605,3
DA:606,2
DA:610,1
DA:611,1
DA:617,1
DA:618,1
DA:620,1
DA:621,0
DA:626,1
DA:630,2
DA:631,2
DA:632,1
DA:636,1
DA:637,1
DA:638,1
DA:640,1
DA:641,1
DA:643,1
DA:644,0
DA:649,1
DA:650,2
DA:651,2
DA:652,2
DA:653,0
DA:657,1
DA:658,1
DA:659,1
DA:660,1
DA:661,0
DA:665,1
DA:666,0
DA:667,0
DA:669,0
DA:670,0
DA:682,0
DA:683,0
DA:684,0
DA:685,0
DA:688,0
DA:689,0
DA:692,1
LF:92
LH:72
BRDA:511,0,0,2
BRDA:511,0,1,8
BRDA:512,1,0,2
BRDA:512,1,1,6
BRDA:527,2,0,0
BRDA:527,2,1,1
BRDA:529,3,0,0
BRDA:529,3,1,0
BRDA:556,4,0,1
BRDA:556,4,1,1
BRDA:567,5,0,1
BRDA:567,5,1,0
BRDA:577,6,0,1
BRDA:577,6,1,2
BRDA:577,7,0,3
BRDA:577,7,1,1
BRDA:582,8,0,0
BRDA:582,8,1,1
BRDA:585,9,0,1
BRDA:585,9,1,0
BRDA:594,10,0,1
BRDA:594,10,1,0
BRDA:605,11,0,1
BRDA:605,11,1,2
BRDA:618,12,0,1
BRDA:618,12,1,0
BRDA:631,13,0,1
BRDA:631,13,1,1
BRDA:638,14,0,0
BRDA:638,14,1,1
BRDA:641,15,0,1
BRDA:641,15,1,0
BRDA:667,16,0,0
BRDA:667,16,1,0
BRDA:683,17,0,0
BRDA:683,17,1,0
BRF:36
BRH:22
end_of_record
TN:
SF:src\routes\utilisateurs.js
FNF:0
FNH:0
DA:1,1
DA:2,1
DA:3,1
DA:5,1
DA:21,1
DA:35,1
DA:37,1
LF:7
LH:7
BRF:0
BRH:0
end_of_record
TN:
SF:src\socket\appels.js
FN:3,initAppels
FN:4,(anonymous_1)
FN:12,(anonymous_2)
FN:58,(anonymous_3)
FN:70,(anonymous_4)
FN:83,(anonymous_5)
FN:93,(anonymous_6)
FN:108,(anonymous_7)
FNF:8
FNH:8
FNDA:1,initAppels
FNDA:31,(anonymous_1)
FNDA:2,(anonymous_2)
FNDA:1,(anonymous_3)
FNDA:1,(anonymous_4)
FNDA:1,(anonymous_5)
FNDA:1,(anonymous_6)
FNDA:1,(anonymous_7)
DA:1,1
DA:3,1
DA:4,1
DA:5,31
DA:7,31
DA:8,31
DA:9,31
DA:12,31
DA:13,2
DA:16,2
DA:21,2
DA:22,2
DA:23,2
DA:25,1
DA:26,1
DA:27,1
DA:28,1
DA:31,1
DA:32,0
DA:34,1
DA:35,0
DA:39,1
DA:44,1
DA:46,1
DA:54,0
DA:58,31
DA:61,1
DA:62,1
DA:63,1
DA:64,1
DA:66,1
DA:67,1
DA:70,31
DA:71,1
DA:72,1
DA:73,1
DA:74,1
DA:76,1
DA:80,1
DA:83,31
DA:84,1
DA:85,1
DA:93,31
DA:94,1
DA:99,1
DA:100,1
DA:103,1
DA:104,1
DA:108,31
DA:109,1
LF:50
LH:47
BRDA:7,0,0,31
BRDA:7,0,1,0
BRDA:7,1,0,31
BRDA:7,1,1,31
BRDA:9,2,0,17
BRDA:9,2,1,14
BRDA:9,3,0,31
BRDA:9,3,1,0
BRDA:22,4,0,0
BRDA:22,4,1,2
BRDA:23,5,0,1
BRDA:23,5,1,1
BRDA:25,6,0,1
BRDA:25,6,1,0
BRDA:26,7,0,1
BRDA:26,7,1,1
BRDA:27,8,0,1
BRDA:27,8,1,0
BRDA:28,9,0,0
BRDA:28,9,1,1
BRDA:28,10,0,1
BRDA:28,10,1,0
BRDA:31,11,0,0
BRDA:31,11,1,1
BRDA:31,12,0,1
BRDA:31,12,1,1
BRDA:34,13,0,0
BRDA:34,13,1,1
BRDA:34,14,0,1
BRDA:34,14,1,0
BRDA:63,15,0,0
BRDA:63,15,1,1
BRDA:64,16,0,0
BRDA:64,16,1,1
BRDA:73,17,0,0
BRDA:73,17,1,1
BRDA:74,18,0,0
BRDA:74,18,1,1
BRDA:84,19,0,1
BRDA:84,19,1,0
BRDA:99,20,0,1
BRDA:99,20,1,0
BRDA:103,21,0,1
BRDA:103,21,1,0
BRF:44
BRH:27
end_of_record
TN:
SF:src\socket\support.js
FN:6,escapeHtml
FN:7,(anonymous_1)
FN:14,verifierAccesSocket
FN:32,statutTicketFerme
FN:39,initSupport
FN:40,(anonymous_5)
FN:52,(anonymous_6)
FN:58,(anonymous_7)
FN:102,(anonymous_8)
FN:172,(anonymous_9)
FN:193,(anonymous_10)
FN:199,(anonymous_11)
FN:204,(anonymous_12)
FN:215,(anonymous_13)
FN:243,(anonymous_14)
FN:304,(anonymous_15)
FN:334,(anonymous_16)
FN:344,(anonymous_17)
FN:354,(anonymous_18)
FN:405,(anonymous_19)
FNF:20
FNH:17
FNDA:1,escapeHtml
FNDA:0,(anonymous_1)
FNDA:14,verifierAccesSocket
FNDA:4,statutTicketFerme
FNDA:1,initSupport
FNDA:32,(anonymous_5)
FNDA:31,(anonymous_6)
FNDA:3,(anonymous_7)
FNDA:3,(anonymous_8)
FNDA:6,(anonymous_9)
FNDA:1,(anonymous_10)
FNDA:0,(anonymous_11)
FNDA:1,(anonymous_12)
FNDA:2,(anonymous_13)
FNDA:2,(anonymous_14)
FNDA:1,(anonymous_15)
FNDA:1,(anonymous_16)
FNDA:0,(anonymous_17)
FNDA:1,(anonymous_18)
FNDA:31,(anonymous_19)
DA:1,1
DA:2,1
DA:3,1
DA:4,1
DA:7,1
DA:12,1
DA:15,14
DA:16,0
DA:17,0
DA:20,14
DA:21,14
DA:22,0
DA:23,0
DA:25,14
DA:26,0
DA:27,0
DA:29,14
DA:33,4
DA:34,0
DA:36,4
DA:39,1
DA:40,1
DA:41,32
DA:42,32
DA:43,31
DA:44,31
DA:46,31
DA:48,1
DA:52,1
DA:53,31
DA:54,31
DA:55,31
DA:56,31
DA:58,31
DA:59,3
DA:60,3
DA:61,1
DA:63,2
DA:64,1
DA:69,1
DA:73,1
DA:74,0
DA:76,1
DA:78,1
DA:82,1
DA:84,1
DA:87,1
DA:90,1
DA:98,0
DA:102,31
DA:103,3
DA:104,3
DA:105,1
DA:110,2
DA:111,2
DA:112,2
DA:113,0
DA:118,2
DA:125,2
DA:126,1
DA:129,1
DA:130,1
DA:132,1
DA:136,1
DA:137,1
DA:140,1
DA:146,1
DA:158,1
DA:163,0
DA:164,0
DA:172,31
DA:173,6
DA:174,6
DA:175,6
DA:176,6
DA:180,6
DA:181,6
DA:191,6
DA:193,1
DA:195,1
DA:199,1
DA:200,0
DA:201,0
DA:204,1
DA:207,0
DA:210,0
DA:211,0
DA:215,31
DA:216,2
DA:217,2
DA:218,1
DA:220,1
DA:221,1
DA:222,1
DA:223,0
DA:226,1
DA:233,1
DA:234,0
DA:236,1
DA:238,0
DA:239,0
DA:243,31
DA:244,2
DA:245,2
DA:246,2
DA:247,2
DA:248,0
DA:250,2
DA:251,1
DA:254,1
DA:256,1
DA:263,1
DA:266,1
DA:272,1
DA:280,1
DA:281,0
DA:284,0
DA:285,0
DA:299,1
DA:300,1
DA:304,31
DA:305,1
DA:306,1
DA:307,1
DA:308,1
DA:310,1
DA:314,1
DA:315,0
DA:318,1
DA:325,1
DA:326,1
DA:327,1
DA:329,0
DA:330,0
DA:334,31
DA:335,1
DA:336,1
DA:337,1
DA:339,1
DA:340,1
DA:342,1
DA:343,1
DA:344,1
DA:345,0
DA:346,0
DA:348,1
DA:350,0
DA:354,31
DA:355,1
DA:356,1
DA:357,1
DA:358,1
DA:359,0
DA:361,1
DA:362,0
DA:365,1
DA:369,1
DA:370,0
DA:373,1
DA:374,1
DA:378,1
DA:379,0
DA:384,1
DA:390,1
DA:395,1
DA:400,0
DA:401,0
DA:405,31
DA:406,31
LF:169
LH:132
BRDA:14,0,0,6
BRDA:15,1,0,0
BRDA:15,1,1,14
BRDA:21,2,0,0
BRDA:21,2,1,14
BRDA:25,3,0,0
BRDA:25,3,1,14
BRDA:33,4,0,0
BRDA:33,4,1,4
BRDA:43,5,0,31
BRDA:43,5,1,0
BRDA:43,6,0,31
BRDA:43,6,1,31
BRDA:55,7,0,17
BRDA:55,7,1,14
BRDA:58,8,0,0
BRDA:60,9,0,1
BRDA:60,9,1,2
BRDA:63,10,0,1
BRDA:63,10,1,1
BRDA:63,11,0,2
BRDA:63,11,1,2
BRDA:73,12,0,0
BRDA:73,12,1,1
BRDA:102,13,0,0
BRDA:104,14,0,1
BRDA:104,14,1,2
BRDA:104,15,0,3
BRDA:104,15,1,1
BRDA:111,16,0,0
BRDA:111,16,1,2
BRDA:112,17,0,0
BRDA:112,17,1,2
BRDA:125,18,0,1
BRDA:125,18,1,1
BRDA:136,19,0,1
BRDA:136,19,1,0
BRDA:172,20,0,0
BRDA:175,21,0,0
BRDA:175,21,1,6
BRDA:191,22,0,1
BRDA:191,22,1,5
BRDA:215,23,0,0
BRDA:217,24,0,1
BRDA:217,24,1,1
BRDA:217,25,0,2
BRDA:217,25,1,1
BRDA:221,26,0,0
BRDA:221,26,1,1
BRDA:222,27,0,0
BRDA:222,27,1,1
BRDA:233,28,0,0
BRDA:233,28,1,1
BRDA:243,29,0,0
BRDA:243,30,0,2
BRDA:246,31,0,0
BRDA:246,31,1,2
BRDA:247,32,0,0
BRDA:247,32,1,2
BRDA:250,33,0,1
BRDA:250,33,1,1
BRDA:250,34,0,2
BRDA:250,34,1,2
BRDA:250,34,2,2
BRDA:280,35,0,0
BRDA:280,35,1,0
BRDA:284,36,0,0
BRDA:284,36,1,0
BRDA:304,37,0,0
BRDA:307,38,0,0
BRDA:307,38,1,1
BRDA:308,39,0,0
BRDA:308,39,1,1
BRDA:314,40,0,0
BRDA:314,40,1,1
BRDA:334,41,0,0
BRDA:337,42,0,0
BRDA:337,42,1,1
BRDA:337,43,0,1
BRDA:337,43,1,1
BRDA:339,44,0,1
BRDA:339,44,1,1
BRDA:339,44,2,0
BRDA:354,45,0,0
BRDA:357,46,0,0
BRDA:357,46,1,1
BRDA:358,47,0,0
BRDA:358,47,1,1
BRDA:361,48,0,0
BRDA:361,48,1,1
BRDA:361,49,0,1
BRDA:361,49,1,1
BRDA:361,49,2,1
BRDA:361,49,3,1
BRDA:369,50,0,0
BRDA:369,50,1,1
BRDA:378,51,0,0
BRDA:378,51,1,1
BRF:98
BRH:61
end_of_record
